
PezezController: missing default helper path pezez_helper


Processing PezezController#index (for 127.0.0.1 at 2010-08-19 13:48:33) [GET]
  Session ID: 184694fc80e0e57633c57d7ac280691e
  Parameters: {"action"=>"index", "controller"=>"pezez"}


ActionController::UnknownAction (No action responded to index):
    /System/Library/Frameworks/Ruby.framework/Versions/1.8/usr/lib/ruby/gems/1.8/gems/actionpack-1.13.6/lib/action_controller/filters.rb:696:in `call_filters'
    /System/Library/Frameworks/Ruby.framework/Versions/1.8/usr/lib/ruby/gems/1.8/gems/actionpack-1.13.6/lib/action_controller/filters.rb:688:in `perform_action_without_benchmark'
    /System/Library/Frameworks/Ruby.framework/Versions/1.8/usr/lib/ruby/gems/1.8/gems/actionpack-1.13.6/lib/action_controller/benchmarking.rb:66:in `perform_action_without_rescue'
    /System/Library/Frameworks/Ruby.framework/Versions/1.8/usr/lib/ruby/1.8/benchmark.rb:293:in `measure'
    /System/Library/Frameworks/Ruby.framework/Versions/1.8/usr/lib/ruby/gems/1.8/gems/actionpack-1.13.6/lib/action_controller/benchmarking.rb:66:in `perform_action_without_rescue'
    /System/Library/Frameworks/Ruby.framework/Versions/1.8/usr/lib/ruby/gems/1.8/gems/actionpack-1.13.6/lib/action_controller/rescue.rb:83:in `perform_action'
    /System/Library/Frameworks/Ruby.framework/Versions/1.8/usr/lib/ruby/gems/1.8/gems/actionpack-1.13.6/lib/action_controller/base.rb:435:in `send'
    /System/Library/Frameworks/Ruby.framework/Versions/1.8/usr/lib/ruby/gems/1.8/gems/actionpack-1.13.6/lib/action_controller/base.rb:435:in `process_without_filters'
    /System/Library/Frameworks/Ruby.framework/Versions/1.8/usr/lib/ruby/gems/1.8/gems/actionpack-1.13.6/lib/action_controller/filters.rb:684:in `process_without_session_management_support'
    /System/Library/Frameworks/Ruby.framework/Versions/1.8/usr/lib/ruby/gems/1.8/gems/actionpack-1.13.6/lib/action_controller/session_management.rb:114:in `process'
    /System/Library/Frameworks/Ruby.framework/Versions/1.8/usr/lib/ruby/gems/1.8/gems/actionpack-1.13.6/lib/action_controller/base.rb:334:in `process'
    /System/Library/Frameworks/Ruby.framework/Versions/1.8/usr/lib/ruby/gems/1.8/gems/rails-1.2.6/lib/dispatcher.rb:41:in `dispatch'
    /System/Library/Frameworks/Ruby.framework/Versions/1.8/usr/lib/ruby/gems/1.8/gems/mongrel-1.1.4/bin/../lib/mongrel/rails.rb:76:in `process'
    /System/Library/Frameworks/Ruby.framework/Versions/1.8/usr/lib/ruby/gems/1.8/gems/mongrel-1.1.4/bin/../lib/mongrel/rails.rb:74:in `synchronize'
    /System/Library/Frameworks/Ruby.framework/Versions/1.8/usr/lib/ruby/gems/1.8/gems/mongrel-1.1.4/bin/../lib/mongrel/rails.rb:74:in `process'
    /System/Library/Frameworks/Ruby.framework/Versions/1.8/usr/lib/ruby/gems/1.8/gems/mongrel-1.1.4/lib/mongrel.rb:159:in `process_client'
    /System/Library/Frameworks/Ruby.framework/Versions/1.8/usr/lib/ruby/gems/1.8/gems/mongrel-1.1.4/lib/mongrel.rb:158:in `each'
    /System/Library/Frameworks/Ruby.framework/Versions/1.8/usr/lib/ruby/gems/1.8/gems/mongrel-1.1.4/lib/mongrel.rb:158:in `process_client'
    /System/Library/Frameworks/Ruby.framework/Versions/1.8/usr/lib/ruby/gems/1.8/gems/mongrel-1.1.4/lib/mongrel.rb:285:in `run'
    /System/Library/Frameworks/Ruby.framework/Versions/1.8/usr/lib/ruby/gems/1.8/gems/mongrel-1.1.4/lib/mongrel.rb:285:in `initialize'
    /System/Library/Frameworks/Ruby.framework/Versions/1.8/usr/lib/ruby/gems/1.8/gems/mongrel-1.1.4/lib/mongrel.rb:285:in `new'
    /System/Library/Frameworks/Ruby.framework/Versions/1.8/usr/lib/ruby/gems/1.8/gems/mongrel-1.1.4/lib/mongrel.rb:285:in `run'
    /System/Library/Frameworks/Ruby.framework/Versions/1.8/usr/lib/ruby/gems/1.8/gems/mongrel-1.1.4/lib/mongrel.rb:268:in `initialize'
    /System/Library/Frameworks/Ruby.framework/Versions/1.8/usr/lib/ruby/gems/1.8/gems/mongrel-1.1.4/lib/mongrel.rb:268:in `new'
    /System/Library/Frameworks/Ruby.framework/Versions/1.8/usr/lib/ruby/gems/1.8/gems/mongrel-1.1.4/lib/mongrel.rb:268:in `run'
    /System/Library/Frameworks/Ruby.framework/Versions/1.8/usr/lib/ruby/gems/1.8/gems/mongrel-1.1.4/lib/mongrel/configurator.rb:282:in `run'
    /System/Library/Frameworks/Ruby.framework/Versions/1.8/usr/lib/ruby/gems/1.8/gems/mongrel-1.1.4/lib/mongrel/configurator.rb:281:in `each'
    /System/Library/Frameworks/Ruby.framework/Versions/1.8/usr/lib/ruby/gems/1.8/gems/mongrel-1.1.4/lib/mongrel/configurator.rb:281:in `run'
    /System/Library/Frameworks/Ruby.framework/Versions/1.8/usr/lib/ruby/gems/1.8/gems/mongrel-1.1.4/bin/mongrel_rails:128:in `run'
    /System/Library/Frameworks/Ruby.framework/Versions/1.8/usr/lib/ruby/gems/1.8/gems/mongrel-1.1.4/lib/mongrel/command.rb:212:in `run'
    /System/Library/Frameworks/Ruby.framework/Versions/1.8/usr/lib/ruby/gems/1.8/gems/mongrel-1.1.4/bin/mongrel_rails:281
    /System/Library/Frameworks/Ruby.framework/Versions/1.8/usr/lib/ruby/gems/1.8/gems/activesupport-1.4.4/lib/active_support/dependencies.rb:488:in `load'
    /System/Library/Frameworks/Ruby.framework/Versions/1.8/usr/lib/ruby/gems/1.8/gems/activesupport-1.4.4/lib/active_support/dependencies.rb:488:in `load'
    /System/Library/Frameworks/Ruby.framework/Versions/1.8/usr/lib/ruby/gems/1.8/gems/activesupport-1.4.4/lib/active_support/dependencies.rb:342:in `new_constants_in'
    /System/Library/Frameworks/Ruby.framework/Versions/1.8/usr/lib/ruby/gems/1.8/gems/activesupport-1.4.4/lib/active_support/dependencies.rb:488:in `load'
    /System/Library/Frameworks/Ruby.framework/Versions/1.8/usr/lib/ruby/gems/1.8/gems/rails-1.2.6/lib/commands/servers/mongrel.rb:60
    /System/Library/Frameworks/Ruby.framework/Versions/1.8/usr/lib/ruby/1.8/rubygems/custom_require.rb:27:in `gem_original_require'
    /System/Library/Frameworks/Ruby.framework/Versions/1.8/usr/lib/ruby/1.8/rubygems/custom_require.rb:27:in `require'
    /System/Library/Frameworks/Ruby.framework/Versions/1.8/usr/lib/ruby/gems/1.8/gems/activesupport-1.4.4/lib/active_support/dependencies.rb:495:in `require'
    /System/Library/Frameworks/Ruby.framework/Versions/1.8/usr/lib/ruby/gems/1.8/gems/activesupport-1.4.4/lib/active_support/dependencies.rb:342:in `new_constants_in'
    /System/Library/Frameworks/Ruby.framework/Versions/1.8/usr/lib/ruby/gems/1.8/gems/activesupport-1.4.4/lib/active_support/dependencies.rb:495:in `require'
    /System/Library/Frameworks/Ruby.framework/Versions/1.8/usr/lib/ruby/gems/1.8/gems/rails-1.2.6/lib/commands/server.rb:39
    /System/Library/Frameworks/Ruby.framework/Versions/1.8/usr/lib/ruby/1.8/rubygems/custom_require.rb:27:in `gem_original_require'
    /System/Library/Frameworks/Ruby.framework/Versions/1.8/usr/lib/ruby/1.8/rubygems/custom_require.rb:27:in `require'
    script/server:3


Rendering /System/Library/Frameworks/Ruby.framework/Versions/1.8/usr/lib/ruby/gems/1.8/gems/actionpack-1.13.6/lib/action_controller/templates/rescues/layout.rhtml (404 Page Not Found)
PezezController: missing default helper path pezez_helper


Processing PezezController#index (for 127.0.0.1 at 2010-08-19 13:48:54) [GET]
  Session ID: 184694fc80e0e57633c57d7ac280691e
  Parameters: {"action"=>"index", "controller"=>"pezez"}


ActionController::MissingTemplate (Missing template /Users/sdeobald/src/mombot/app/views/pezez/index.rhtml):
    /System/Library/Frameworks/Ruby.framework/Versions/1.8/usr/lib/ruby/gems/1.8/gems/actionpack-1.13.6/lib/action_controller/base.rb:1211:in `assert_existence_of_template_file'
    /System/Library/Frameworks/Ruby.framework/Versions/1.8/usr/lib/ruby/gems/1.8/gems/actionpack-1.13.6/lib/action_controller/base.rb:810:in `render_file'
    /System/Library/Frameworks/Ruby.framework/Versions/1.8/usr/lib/ruby/gems/1.8/gems/actionpack-1.13.6/lib/action_controller/base.rb:717:in `render_with_no_layout'
    /System/Library/Frameworks/Ruby.framework/Versions/1.8/usr/lib/ruby/gems/1.8/gems/actionpack-1.13.6/lib/action_controller/layout.rb:256:in `render_without_benchmark'
    /System/Library/Frameworks/Ruby.framework/Versions/1.8/usr/lib/ruby/gems/1.8/gems/actionpack-1.13.6/lib/action_controller/benchmarking.rb:50:in `render'
    /System/Library/Frameworks/Ruby.framework/Versions/1.8/usr/lib/ruby/1.8/benchmark.rb:293:in `measure'
    /System/Library/Frameworks/Ruby.framework/Versions/1.8/usr/lib/ruby/gems/1.8/gems/actionpack-1.13.6/lib/action_controller/benchmarking.rb:50:in `render'
    /System/Library/Frameworks/Ruby.framework/Versions/1.8/usr/lib/ruby/gems/1.8/gems/actionpack-1.13.6/lib/action_controller/base.rb:1102:in `perform_action_without_filters'
    /System/Library/Frameworks/Ruby.framework/Versions/1.8/usr/lib/ruby/gems/1.8/gems/actionpack-1.13.6/lib/action_controller/filters.rb:696:in `call_filters'
    /System/Library/Frameworks/Ruby.framework/Versions/1.8/usr/lib/ruby/gems/1.8/gems/actionpack-1.13.6/lib/action_controller/filters.rb:688:in `perform_action_without_benchmark'
    /System/Library/Frameworks/Ruby.framework/Versions/1.8/usr/lib/ruby/gems/1.8/gems/actionpack-1.13.6/lib/action_controller/benchmarking.rb:66:in `perform_action_without_rescue'
    /System/Library/Frameworks/Ruby.framework/Versions/1.8/usr/lib/ruby/1.8/benchmark.rb:293:in `measure'
    /System/Library/Frameworks/Ruby.framework/Versions/1.8/usr/lib/ruby/gems/1.8/gems/actionpack-1.13.6/lib/action_controller/benchmarking.rb:66:in `perform_action_without_rescue'
    /System/Library/Frameworks/Ruby.framework/Versions/1.8/usr/lib/ruby/gems/1.8/gems/actionpack-1.13.6/lib/action_controller/rescue.rb:83:in `perform_action'
    /System/Library/Frameworks/Ruby.framework/Versions/1.8/usr/lib/ruby/gems/1.8/gems/actionpack-1.13.6/lib/action_controller/base.rb:435:in `send'
    /System/Library/Frameworks/Ruby.framework/Versions/1.8/usr/lib/ruby/gems/1.8/gems/actionpack-1.13.6/lib/action_controller/base.rb:435:in `process_without_filters'
    /System/Library/Frameworks/Ruby.framework/Versions/1.8/usr/lib/ruby/gems/1.8/gems/actionpack-1.13.6/lib/action_controller/filters.rb:684:in `process_without_session_management_support'
    /System/Library/Frameworks/Ruby.framework/Versions/1.8/usr/lib/ruby/gems/1.8/gems/actionpack-1.13.6/lib/action_controller/session_management.rb:114:in `process'
    /System/Library/Frameworks/Ruby.framework/Versions/1.8/usr/lib/ruby/gems/1.8/gems/actionpack-1.13.6/lib/action_controller/base.rb:334:in `process'
    /System/Library/Frameworks/Ruby.framework/Versions/1.8/usr/lib/ruby/gems/1.8/gems/rails-1.2.6/lib/dispatcher.rb:41:in `dispatch'
    /System/Library/Frameworks/Ruby.framework/Versions/1.8/usr/lib/ruby/gems/1.8/gems/mongrel-1.1.4/bin/../lib/mongrel/rails.rb:76:in `process'
    /System/Library/Frameworks/Ruby.framework/Versions/1.8/usr/lib/ruby/gems/1.8/gems/mongrel-1.1.4/bin/../lib/mongrel/rails.rb:74:in `synchronize'
    /System/Library/Frameworks/Ruby.framework/Versions/1.8/usr/lib/ruby/gems/1.8/gems/mongrel-1.1.4/bin/../lib/mongrel/rails.rb:74:in `process'
    /System/Library/Frameworks/Ruby.framework/Versions/1.8/usr/lib/ruby/gems/1.8/gems/mongrel-1.1.4/lib/mongrel.rb:159:in `process_client'
    /System/Library/Frameworks/Ruby.framework/Versions/1.8/usr/lib/ruby/gems/1.8/gems/mongrel-1.1.4/lib/mongrel.rb:158:in `each'
    /System/Library/Frameworks/Ruby.framework/Versions/1.8/usr/lib/ruby/gems/1.8/gems/mongrel-1.1.4/lib/mongrel.rb:158:in `process_client'
    /System/Library/Frameworks/Ruby.framework/Versions/1.8/usr/lib/ruby/gems/1.8/gems/mongrel-1.1.4/lib/mongrel.rb:285:in `run'
    /System/Library/Frameworks/Ruby.framework/Versions/1.8/usr/lib/ruby/gems/1.8/gems/mongrel-1.1.4/lib/mongrel.rb:285:in `initialize'
    /System/Library/Frameworks/Ruby.framework/Versions/1.8/usr/lib/ruby/gems/1.8/gems/mongrel-1.1.4/lib/mongrel.rb:285:in `new'
    /System/Library/Frameworks/Ruby.framework/Versions/1.8/usr/lib/ruby/gems/1.8/gems/mongrel-1.1.4/lib/mongrel.rb:285:in `run'
    /System/Library/Frameworks/Ruby.framework/Versions/1.8/usr/lib/ruby/gems/1.8/gems/mongrel-1.1.4/lib/mongrel.rb:268:in `initialize'
    /System/Library/Frameworks/Ruby.framework/Versions/1.8/usr/lib/ruby/gems/1.8/gems/mongrel-1.1.4/lib/mongrel.rb:268:in `new'
    /System/Library/Frameworks/Ruby.framework/Versions/1.8/usr/lib/ruby/gems/1.8/gems/mongrel-1.1.4/lib/mongrel.rb:268:in `run'
    /System/Library/Frameworks/Ruby.framework/Versions/1.8/usr/lib/ruby/gems/1.8/gems/mongrel-1.1.4/lib/mongrel/configurator.rb:282:in `run'
    /System/Library/Frameworks/Ruby.framework/Versions/1.8/usr/lib/ruby/gems/1.8/gems/mongrel-1.1.4/lib/mongrel/configurator.rb:281:in `each'
    /System/Library/Frameworks/Ruby.framework/Versions/1.8/usr/lib/ruby/gems/1.8/gems/mongrel-1.1.4/lib/mongrel/configurator.rb:281:in `run'
    /System/Library/Frameworks/Ruby.framework/Versions/1.8/usr/lib/ruby/gems/1.8/gems/mongrel-1.1.4/bin/mongrel_rails:128:in `run'
    /System/Library/Frameworks/Ruby.framework/Versions/1.8/usr/lib/ruby/gems/1.8/gems/mongrel-1.1.4/lib/mongrel/command.rb:212:in `run'
    /System/Library/Frameworks/Ruby.framework/Versions/1.8/usr/lib/ruby/gems/1.8/gems/mongrel-1.1.4/bin/mongrel_rails:281
    /System/Library/Frameworks/Ruby.framework/Versions/1.8/usr/lib/ruby/gems/1.8/gems/activesupport-1.4.4/lib/active_support/dependencies.rb:488:in `load'
    /System/Library/Frameworks/Ruby.framework/Versions/1.8/usr/lib/ruby/gems/1.8/gems/activesupport-1.4.4/lib/active_support/dependencies.rb:488:in `load'
    /System/Library/Frameworks/Ruby.framework/Versions/1.8/usr/lib/ruby/gems/1.8/gems/activesupport-1.4.4/lib/active_support/dependencies.rb:342:in `new_constants_in'
    /System/Library/Frameworks/Ruby.framework/Versions/1.8/usr/lib/ruby/gems/1.8/gems/activesupport-1.4.4/lib/active_support/dependencies.rb:488:in `load'
    /System/Library/Frameworks/Ruby.framework/Versions/1.8/usr/lib/ruby/gems/1.8/gems/rails-1.2.6/lib/commands/servers/mongrel.rb:60
    /System/Library/Frameworks/Ruby.framework/Versions/1.8/usr/lib/ruby/1.8/rubygems/custom_require.rb:27:in `gem_original_require'
    /System/Library/Frameworks/Ruby.framework/Versions/1.8/usr/lib/ruby/1.8/rubygems/custom_require.rb:27:in `require'
    /System/Library/Frameworks/Ruby.framework/Versions/1.8/usr/lib/ruby/gems/1.8/gems/activesupport-1.4.4/lib/active_support/dependencies.rb:495:in `require'
    /System/Library/Frameworks/Ruby.framework/Versions/1.8/usr/lib/ruby/gems/1.8/gems/activesupport-1.4.4/lib/active_support/dependencies.rb:342:in `new_constants_in'
    /System/Library/Frameworks/Ruby.framework/Versions/1.8/usr/lib/ruby/gems/1.8/gems/activesupport-1.4.4/lib/active_support/dependencies.rb:495:in `require'
    /System/Library/Frameworks/Ruby.framework/Versions/1.8/usr/lib/ruby/gems/1.8/gems/rails-1.2.6/lib/commands/server.rb:39
    /System/Library/Frameworks/Ruby.framework/Versions/1.8/usr/lib/ruby/1.8/rubygems/custom_require.rb:27:in `gem_original_require'
    /System/Library/Frameworks/Ruby.framework/Versions/1.8/usr/lib/ruby/1.8/rubygems/custom_require.rb:27:in `require'
    script/server:3


Rendering /System/Library/Frameworks/Ruby.framework/Versions/1.8/usr/lib/ruby/gems/1.8/gems/actionpack-1.13.6/lib/action_controller/templates/rescues/layout.rhtml (500 Internal Error)
PezezController: missing default helper path pezez_helper


Processing PezezController#index (for 127.0.0.1 at 2010-08-19 13:49:24) [GET]
  Session ID: 184694fc80e0e57633c57d7ac280691e
  Parameters: {"action"=>"index", "controller"=>"pezez"}


ActionController::MissingTemplate (Missing template /Users/sdeobald/src/mombot/app/views/pezez/index.rhtml):
    /System/Library/Frameworks/Ruby.framework/Versions/1.8/usr/lib/ruby/gems/1.8/gems/actionpack-1.13.6/lib/action_controller/base.rb:1211:in `assert_existence_of_template_file'
    /System/Library/Frameworks/Ruby.framework/Versions/1.8/usr/lib/ruby/gems/1.8/gems/actionpack-1.13.6/lib/action_controller/base.rb:810:in `render_file'
    /System/Library/Frameworks/Ruby.framework/Versions/1.8/usr/lib/ruby/gems/1.8/gems/actionpack-1.13.6/lib/action_controller/base.rb:717:in `render_with_no_layout'
    /System/Library/Frameworks/Ruby.framework/Versions/1.8/usr/lib/ruby/gems/1.8/gems/actionpack-1.13.6/lib/action_controller/layout.rb:256:in `render_without_benchmark'
    /System/Library/Frameworks/Ruby.framework/Versions/1.8/usr/lib/ruby/gems/1.8/gems/actionpack-1.13.6/lib/action_controller/benchmarking.rb:50:in `render'
    /System/Library/Frameworks/Ruby.framework/Versions/1.8/usr/lib/ruby/1.8/benchmark.rb:293:in `measure'
    /System/Library/Frameworks/Ruby.framework/Versions/1.8/usr/lib/ruby/gems/1.8/gems/actionpack-1.13.6/lib/action_controller/benchmarking.rb:50:in `render'
    /System/Library/Frameworks/Ruby.framework/Versions/1.8/usr/lib/ruby/gems/1.8/gems/actionpack-1.13.6/lib/action_controller/base.rb:1102:in `perform_action_without_filters'
    /System/Library/Frameworks/Ruby.framework/Versions/1.8/usr/lib/ruby/gems/1.8/gems/actionpack-1.13.6/lib/action_controller/filters.rb:696:in `call_filters'
    /System/Library/Frameworks/Ruby.framework/Versions/1.8/usr/lib/ruby/gems/1.8/gems/actionpack-1.13.6/lib/action_controller/filters.rb:688:in `perform_action_without_benchmark'
    /System/Library/Frameworks/Ruby.framework/Versions/1.8/usr/lib/ruby/gems/1.8/gems/actionpack-1.13.6/lib/action_controller/benchmarking.rb:66:in `perform_action_without_rescue'
    /System/Library/Frameworks/Ruby.framework/Versions/1.8/usr/lib/ruby/1.8/benchmark.rb:293:in `measure'
    /System/Library/Frameworks/Ruby.framework/Versions/1.8/usr/lib/ruby/gems/1.8/gems/actionpack-1.13.6/lib/action_controller/benchmarking.rb:66:in `perform_action_without_rescue'
    /System/Library/Frameworks/Ruby.framework/Versions/1.8/usr/lib/ruby/gems/1.8/gems/actionpack-1.13.6/lib/action_controller/rescue.rb:83:in `perform_action'
    /System/Library/Frameworks/Ruby.framework/Versions/1.8/usr/lib/ruby/gems/1.8/gems/actionpack-1.13.6/lib/action_controller/base.rb:435:in `send'
    /System/Library/Frameworks/Ruby.framework/Versions/1.8/usr/lib/ruby/gems/1.8/gems/actionpack-1.13.6/lib/action_controller/base.rb:435:in `process_without_filters'
    /System/Library/Frameworks/Ruby.framework/Versions/1.8/usr/lib/ruby/gems/1.8/gems/actionpack-1.13.6/lib/action_controller/filters.rb:684:in `process_without_session_management_support'
    /System/Library/Frameworks/Ruby.framework/Versions/1.8/usr/lib/ruby/gems/1.8/gems/actionpack-1.13.6/lib/action_controller/session_management.rb:114:in `process'
    /System/Library/Frameworks/Ruby.framework/Versions/1.8/usr/lib/ruby/gems/1.8/gems/actionpack-1.13.6/lib/action_controller/base.rb:334:in `process'
    /System/Library/Frameworks/Ruby.framework/Versions/1.8/usr/lib/ruby/gems/1.8/gems/rails-1.2.6/lib/dispatcher.rb:41:in `dispatch'
    /System/Library/Frameworks/Ruby.framework/Versions/1.8/usr/lib/ruby/gems/1.8/gems/mongrel-1.1.4/bin/../lib/mongrel/rails.rb:76:in `process'
    /System/Library/Frameworks/Ruby.framework/Versions/1.8/usr/lib/ruby/gems/1.8/gems/mongrel-1.1.4/bin/../lib/mongrel/rails.rb:74:in `synchronize'
    /System/Library/Frameworks/Ruby.framework/Versions/1.8/usr/lib/ruby/gems/1.8/gems/mongrel-1.1.4/bin/../lib/mongrel/rails.rb:74:in `process'
    /System/Library/Frameworks/Ruby.framework/Versions/1.8/usr/lib/ruby/gems/1.8/gems/mongrel-1.1.4/lib/mongrel.rb:159:in `process_client'
    /System/Library/Frameworks/Ruby.framework/Versions/1.8/usr/lib/ruby/gems/1.8/gems/mongrel-1.1.4/lib/mongrel.rb:158:in `each'
    /System/Library/Frameworks/Ruby.framework/Versions/1.8/usr/lib/ruby/gems/1.8/gems/mongrel-1.1.4/lib/mongrel.rb:158:in `process_client'
    /System/Library/Frameworks/Ruby.framework/Versions/1.8/usr/lib/ruby/gems/1.8/gems/mongrel-1.1.4/lib/mongrel.rb:285:in `run'
    /System/Library/Frameworks/Ruby.framework/Versions/1.8/usr/lib/ruby/gems/1.8/gems/mongrel-1.1.4/lib/mongrel.rb:285:in `initialize'
    /System/Library/Frameworks/Ruby.framework/Versions/1.8/usr/lib/ruby/gems/1.8/gems/mongrel-1.1.4/lib/mongrel.rb:285:in `new'
    /System/Library/Frameworks/Ruby.framework/Versions/1.8/usr/lib/ruby/gems/1.8/gems/mongrel-1.1.4/lib/mongrel.rb:285:in `run'
    /System/Library/Frameworks/Ruby.framework/Versions/1.8/usr/lib/ruby/gems/1.8/gems/mongrel-1.1.4/lib/mongrel.rb:268:in `initialize'
    /System/Library/Frameworks/Ruby.framework/Versions/1.8/usr/lib/ruby/gems/1.8/gems/mongrel-1.1.4/lib/mongrel.rb:268:in `new'
    /System/Library/Frameworks/Ruby.framework/Versions/1.8/usr/lib/ruby/gems/1.8/gems/mongrel-1.1.4/lib/mongrel.rb:268:in `run'
    /System/Library/Frameworks/Ruby.framework/Versions/1.8/usr/lib/ruby/gems/1.8/gems/mongrel-1.1.4/lib/mongrel/configurator.rb:282:in `run'
    /System/Library/Frameworks/Ruby.framework/Versions/1.8/usr/lib/ruby/gems/1.8/gems/mongrel-1.1.4/lib/mongrel/configurator.rb:281:in `each'
    /System/Library/Frameworks/Ruby.framework/Versions/1.8/usr/lib/ruby/gems/1.8/gems/mongrel-1.1.4/lib/mongrel/configurator.rb:281:in `run'
    /System/Library/Frameworks/Ruby.framework/Versions/1.8/usr/lib/ruby/gems/1.8/gems/mongrel-1.1.4/bin/mongrel_rails:128:in `run'
    /System/Library/Frameworks/Ruby.framework/Versions/1.8/usr/lib/ruby/gems/1.8/gems/mongrel-1.1.4/lib/mongrel/command.rb:212:in `run'
    /System/Library/Frameworks/Ruby.framework/Versions/1.8/usr/lib/ruby/gems/1.8/gems/mongrel-1.1.4/bin/mongrel_rails:281
    /System/Library/Frameworks/Ruby.framework/Versions/1.8/usr/lib/ruby/gems/1.8/gems/activesupport-1.4.4/lib/active_support/dependencies.rb:488:in `load'
    /System/Library/Frameworks/Ruby.framework/Versions/1.8/usr/lib/ruby/gems/1.8/gems/activesupport-1.4.4/lib/active_support/dependencies.rb:488:in `load'
    /System/Library/Frameworks/Ruby.framework/Versions/1.8/usr/lib/ruby/gems/1.8/gems/activesupport-1.4.4/lib/active_support/dependencies.rb:342:in `new_constants_in'
    /System/Library/Frameworks/Ruby.framework/Versions/1.8/usr/lib/ruby/gems/1.8/gems/activesupport-1.4.4/lib/active_support/dependencies.rb:488:in `load'
    /System/Library/Frameworks/Ruby.framework/Versions/1.8/usr/lib/ruby/gems/1.8/gems/rails-1.2.6/lib/commands/servers/mongrel.rb:60
    /System/Library/Frameworks/Ruby.framework/Versions/1.8/usr/lib/ruby/1.8/rubygems/custom_require.rb:27:in `gem_original_require'
    /System/Library/Frameworks/Ruby.framework/Versions/1.8/usr/lib/ruby/1.8/rubygems/custom_require.rb:27:in `require'
    /System/Library/Frameworks/Ruby.framework/Versions/1.8/usr/lib/ruby/gems/1.8/gems/activesupport-1.4.4/lib/active_support/dependencies.rb:495:in `require'
    /System/Library/Frameworks/Ruby.framework/Versions/1.8/usr/lib/ruby/gems/1.8/gems/activesupport-1.4.4/lib/active_support/dependencies.rb:342:in `new_constants_in'
    /System/Library/Frameworks/Ruby.framework/Versions/1.8/usr/lib/ruby/gems/1.8/gems/activesupport-1.4.4/lib/active_support/dependencies.rb:495:in `require'
    /System/Library/Frameworks/Ruby.framework/Versions/1.8/usr/lib/ruby/gems/1.8/gems/rails-1.2.6/lib/commands/server.rb:39
    /System/Library/Frameworks/Ruby.framework/Versions/1.8/usr/lib/ruby/1.8/rubygems/custom_require.rb:27:in `gem_original_require'
    /System/Library/Frameworks/Ruby.framework/Versions/1.8/usr/lib/ruby/1.8/rubygems/custom_require.rb:27:in `require'
    script/server:3


Rendering /System/Library/Frameworks/Ruby.framework/Versions/1.8/usr/lib/ruby/gems/1.8/gems/actionpack-1.13.6/lib/action_controller/templates/rescues/layout.rhtml (500 Internal Error)
PezezController: missing default helper path pezez_helper


Processing PezezController#index (for 127.0.0.1 at 2010-08-19 13:49:42) [GET]
  Session ID: 184694fc80e0e57633c57d7ac280691e
  Parameters: {"action"=>"index", "controller"=>"pezez"}
Rendering pezez/index
Completed in 0.00118 (844 reqs/sec) | Rendering: 0.00054 (45%) | 200 OK [http://localhost/pezez]
PezezController: missing default helper path pezez_helper


Processing PezezController#index (for 127.0.0.1 at 2010-08-19 13:51:56) [GET]
  Session ID: 184694fc80e0e57633c57d7ac280691e
  Parameters: {"action"=>"index", "controller"=>"pezez"}
Rendering pezez/index


ActionView::TemplateError (undefined method `new_url' for #<#<Class:0x2639078>:0x2639028>) on line #2 of app/views/pezez/index.rhtml:
1: 
2: <p>Welcome, potential celebrant! If you would like to celebrate, please <%= new_url "apply" %></p>

    /Users/sdeobald/src/mombot/app/views/pezez/index.rhtml:2:in `_run_rhtml_47app47views47pezez47index46rhtml'
    /System/Library/Frameworks/Ruby.framework/Versions/1.8/usr/lib/ruby/gems/1.8/gems/actionpack-1.13.6/lib/action_view/base.rb:325:in `send'
    /System/Library/Frameworks/Ruby.framework/Versions/1.8/usr/lib/ruby/gems/1.8/gems/actionpack-1.13.6/lib/action_view/base.rb:325:in `compile_and_render_template'
    /System/Library/Frameworks/Ruby.framework/Versions/1.8/usr/lib/ruby/gems/1.8/gems/actionpack-1.13.6/lib/action_view/base.rb:301:in `render_template'
    /System/Library/Frameworks/Ruby.framework/Versions/1.8/usr/lib/ruby/gems/1.8/gems/actionpack-1.13.6/lib/action_view/base.rb:260:in `render_file'
    /System/Library/Frameworks/Ruby.framework/Versions/1.8/usr/lib/ruby/gems/1.8/gems/actionpack-1.13.6/lib/action_controller/base.rb:812:in `render_file'
    /System/Library/Frameworks/Ruby.framework/Versions/1.8/usr/lib/ruby/gems/1.8/gems/actionpack-1.13.6/lib/action_controller/base.rb:717:in `render_with_no_layout'
    /System/Library/Frameworks/Ruby.framework/Versions/1.8/usr/lib/ruby/gems/1.8/gems/actionpack-1.13.6/lib/action_controller/layout.rb:256:in `render_without_benchmark'
    /System/Library/Frameworks/Ruby.framework/Versions/1.8/usr/lib/ruby/gems/1.8/gems/actionpack-1.13.6/lib/action_controller/benchmarking.rb:50:in `render'
    /System/Library/Frameworks/Ruby.framework/Versions/1.8/usr/lib/ruby/1.8/benchmark.rb:293:in `measure'
    /System/Library/Frameworks/Ruby.framework/Versions/1.8/usr/lib/ruby/gems/1.8/gems/actionpack-1.13.6/lib/action_controller/benchmarking.rb:50:in `render'
    /System/Library/Frameworks/Ruby.framework/Versions/1.8/usr/lib/ruby/gems/1.8/gems/actionpack-1.13.6/lib/action_controller/base.rb:1102:in `perform_action_without_filters'
    /System/Library/Frameworks/Ruby.framework/Versions/1.8/usr/lib/ruby/gems/1.8/gems/actionpack-1.13.6/lib/action_controller/filters.rb:696:in `call_filters'
    /System/Library/Frameworks/Ruby.framework/Versions/1.8/usr/lib/ruby/gems/1.8/gems/actionpack-1.13.6/lib/action_controller/filters.rb:688:in `perform_action_without_benchmark'
    /System/Library/Frameworks/Ruby.framework/Versions/1.8/usr/lib/ruby/gems/1.8/gems/actionpack-1.13.6/lib/action_controller/benchmarking.rb:66:in `perform_action_without_rescue'
    /System/Library/Frameworks/Ruby.framework/Versions/1.8/usr/lib/ruby/1.8/benchmark.rb:293:in `measure'
    /System/Library/Frameworks/Ruby.framework/Versions/1.8/usr/lib/ruby/gems/1.8/gems/actionpack-1.13.6/lib/action_controller/benchmarking.rb:66:in `perform_action_without_rescue'
    /System/Library/Frameworks/Ruby.framework/Versions/1.8/usr/lib/ruby/gems/1.8/gems/actionpack-1.13.6/lib/action_controller/rescue.rb:83:in `perform_action'
    /System/Library/Frameworks/Ruby.framework/Versions/1.8/usr/lib/ruby/gems/1.8/gems/actionpack-1.13.6/lib/action_controller/base.rb:435:in `send'
    /System/Library/Frameworks/Ruby.framework/Versions/1.8/usr/lib/ruby/gems/1.8/gems/actionpack-1.13.6/lib/action_controller/base.rb:435:in `process_without_filters'
    /System/Library/Frameworks/Ruby.framework/Versions/1.8/usr/lib/ruby/gems/1.8/gems/actionpack-1.13.6/lib/action_controller/filters.rb:684:in `process_without_session_management_support'
    /System/Library/Frameworks/Ruby.framework/Versions/1.8/usr/lib/ruby/gems/1.8/gems/actionpack-1.13.6/lib/action_controller/session_management.rb:114:in `process'
    /System/Library/Frameworks/Ruby.framework/Versions/1.8/usr/lib/ruby/gems/1.8/gems/actionpack-1.13.6/lib/action_controller/base.rb:334:in `process'
    /System/Library/Frameworks/Ruby.framework/Versions/1.8/usr/lib/ruby/gems/1.8/gems/rails-1.2.6/lib/dispatcher.rb:41:in `dispatch'
    /System/Library/Frameworks/Ruby.framework/Versions/1.8/usr/lib/ruby/gems/1.8/gems/mongrel-1.1.4/lib/mongrel/rails.rb:76:in `process'
    /System/Library/Frameworks/Ruby.framework/Versions/1.8/usr/lib/ruby/gems/1.8/gems/mongrel-1.1.4/lib/mongrel/rails.rb:74:in `synchronize'
    /System/Library/Frameworks/Ruby.framework/Versions/1.8/usr/lib/ruby/gems/1.8/gems/mongrel-1.1.4/lib/mongrel/rails.rb:74:in `process'
    /System/Library/Frameworks/Ruby.framework/Versions/1.8/usr/lib/ruby/gems/1.8/gems/mongrel-1.1.4/lib/mongrel.rb:159:in `process_client'
    /System/Library/Frameworks/Ruby.framework/Versions/1.8/usr/lib/ruby/gems/1.8/gems/mongrel-1.1.4/lib/mongrel.rb:158:in `each'
    /System/Library/Frameworks/Ruby.framework/Versions/1.8/usr/lib/ruby/gems/1.8/gems/mongrel-1.1.4/lib/mongrel.rb:158:in `process_client'
    /System/Library/Frameworks/Ruby.framework/Versions/1.8/usr/lib/ruby/gems/1.8/gems/mongrel-1.1.4/lib/mongrel.rb:285:in `run'
    /System/Library/Frameworks/Ruby.framework/Versions/1.8/usr/lib/ruby/gems/1.8/gems/mongrel-1.1.4/lib/mongrel.rb:285:in `initialize'
    /System/Library/Frameworks/Ruby.framework/Versions/1.8/usr/lib/ruby/gems/1.8/gems/mongrel-1.1.4/lib/mongrel.rb:285:in `new'
    /System/Library/Frameworks/Ruby.framework/Versions/1.8/usr/lib/ruby/gems/1.8/gems/mongrel-1.1.4/lib/mongrel.rb:285:in `run'
    /System/Library/Frameworks/Ruby.framework/Versions/1.8/usr/lib/ruby/gems/1.8/gems/mongrel-1.1.4/lib/mongrel.rb:268:in `initialize'
    /System/Library/Frameworks/Ruby.framework/Versions/1.8/usr/lib/ruby/gems/1.8/gems/mongrel-1.1.4/lib/mongrel.rb:268:in `new'
    /System/Library/Frameworks/Ruby.framework/Versions/1.8/usr/lib/ruby/gems/1.8/gems/mongrel-1.1.4/lib/mongrel.rb:268:in `run'
    /System/Library/Frameworks/Ruby.framework/Versions/1.8/usr/lib/ruby/gems/1.8/gems/mongrel-1.1.4/lib/mongrel/configurator.rb:282:in `run'
    /System/Library/Frameworks/Ruby.framework/Versions/1.8/usr/lib/ruby/gems/1.8/gems/mongrel-1.1.4/lib/mongrel/configurator.rb:281:in `each'
    /System/Library/Frameworks/Ruby.framework/Versions/1.8/usr/lib/ruby/gems/1.8/gems/mongrel-1.1.4/lib/mongrel/configurator.rb:281:in `run'
    /System/Library/Frameworks/Ruby.framework/Versions/1.8/usr/lib/ruby/gems/1.8/gems/mongrel-1.1.4/bin/mongrel_rails:128:in `run'
    /System/Library/Frameworks/Ruby.framework/Versions/1.8/usr/lib/ruby/gems/1.8/gems/mongrel-1.1.4/lib/mongrel/command.rb:212:in `run'
    /System/Library/Frameworks/Ruby.framework/Versions/1.8/usr/lib/ruby/gems/1.8/gems/mongrel-1.1.4/bin/mongrel_rails:281
    /System/Library/Frameworks/Ruby.framework/Versions/1.8/usr/lib/ruby/gems/1.8/gems/activesupport-1.4.4/lib/active_support/dependencies.rb:488:in `load'
    /System/Library/Frameworks/Ruby.framework/Versions/1.8/usr/lib/ruby/gems/1.8/gems/activesupport-1.4.4/lib/active_support/dependencies.rb:488:in `load'
    /System/Library/Frameworks/Ruby.framework/Versions/1.8/usr/lib/ruby/gems/1.8/gems/activesupport-1.4.4/lib/active_support/dependencies.rb:342:in `new_constants_in'
    /System/Library/Frameworks/Ruby.framework/Versions/1.8/usr/lib/ruby/gems/1.8/gems/activesupport-1.4.4/lib/active_support/dependencies.rb:488:in `load'
    /System/Library/Frameworks/Ruby.framework/Versions/1.8/usr/lib/ruby/gems/1.8/gems/rails-1.2.6/lib/commands/servers/mongrel.rb:60
    /System/Library/Frameworks/Ruby.framework/Versions/1.8/usr/lib/ruby/1.8/rubygems/custom_require.rb:27:in `gem_original_require'
    /System/Library/Frameworks/Ruby.framework/Versions/1.8/usr/lib/ruby/1.8/rubygems/custom_require.rb:27:in `require'
    /System/Library/Frameworks/Ruby.framework/Versions/1.8/usr/lib/ruby/gems/1.8/gems/activesupport-1.4.4/lib/active_support/dependencies.rb:495:in `require'
    /System/Library/Frameworks/Ruby.framework/Versions/1.8/usr/lib/ruby/gems/1.8/gems/activesupport-1.4.4/lib/active_support/dependencies.rb:342:in `new_constants_in'
    /System/Library/Frameworks/Ruby.framework/Versions/1.8/usr/lib/ruby/gems/1.8/gems/activesupport-1.4.4/lib/active_support/dependencies.rb:495:in `require'
    /System/Library/Frameworks/Ruby.framework/Versions/1.8/usr/lib/ruby/gems/1.8/gems/rails-1.2.6/lib/commands/server.rb:39
    /System/Library/Frameworks/Ruby.framework/Versions/1.8/usr/lib/ruby/1.8/rubygems/custom_require.rb:27:in `gem_original_require'
    /System/Library/Frameworks/Ruby.framework/Versions/1.8/usr/lib/ruby/1.8/rubygems/custom_require.rb:27:in `require'
    script/server:3


Rendering /System/Library/Frameworks/Ruby.framework/Versions/1.8/usr/lib/ruby/gems/1.8/gems/actionpack-1.13.6/lib/action_controller/templates/rescues/layout.rhtml (500 Internal Error)
PezezController: missing default helper path pezez_helper


Processing PezezController#index (for 127.0.0.1 at 2010-08-19 13:52:16) [GET]
  Session ID: 184694fc80e0e57633c57d7ac280691e
  Parameters: {"action"=>"index", "controller"=>"pezez"}
Rendering pezez/index
DEPRECATION WARNING: You called url_for(:new), which is a deprecated API call. Instead you should use the named route directly, like new(). Using symbols and parameters with url_for will be removed from Rails 2.0.  See http://www.rubyonrails.org/deprecation for details. (called from send at /System/Library/Frameworks/Ruby.framework/Versions/1.8/usr/lib/ruby/gems/1.8/gems/actionpack-1.13.6/lib/action_view/helpers/url_helper.rb:27)


ActionView::TemplateError (undefined method `new' for #<PezezController:0x26786ec>) on line #2 of app/views/pezez/index.rhtml:
1: 
2: <p>Welcome, potential celebrant! If you would like to celebrate, please <%= url_for :new, "apply" %></p>

    /System/Library/Frameworks/Ruby.framework/Versions/1.8/usr/lib/ruby/gems/1.8/gems/actionpack-1.13.6/lib/action_controller/base.rb:524:in `send'
    /System/Library/Frameworks/Ruby.framework/Versions/1.8/usr/lib/ruby/gems/1.8/gems/actionpack-1.13.6/lib/action_controller/base.rb:524:in `url_for'
    /System/Library/Frameworks/Ruby.framework/Versions/1.8/usr/lib/ruby/gems/1.8/gems/actionpack-1.13.6/lib/action_view/helpers/url_helper.rb:27:in `send'
    /System/Library/Frameworks/Ruby.framework/Versions/1.8/usr/lib/ruby/gems/1.8/gems/actionpack-1.13.6/lib/action_view/helpers/url_helper.rb:27:in `url_for'
    /Users/sdeobald/src/mombot/app/views/pezez/index.rhtml:2:in `_run_rhtml_47app47views47pezez47index46rhtml'
    /System/Library/Frameworks/Ruby.framework/Versions/1.8/usr/lib/ruby/gems/1.8/gems/actionpack-1.13.6/lib/action_view/base.rb:325:in `send'
    /System/Library/Frameworks/Ruby.framework/Versions/1.8/usr/lib/ruby/gems/1.8/gems/actionpack-1.13.6/lib/action_view/base.rb:325:in `compile_and_render_template'
    /System/Library/Frameworks/Ruby.framework/Versions/1.8/usr/lib/ruby/gems/1.8/gems/actionpack-1.13.6/lib/action_view/base.rb:301:in `render_template'
    /System/Library/Frameworks/Ruby.framework/Versions/1.8/usr/lib/ruby/gems/1.8/gems/actionpack-1.13.6/lib/action_view/base.rb:260:in `render_file'
    /System/Library/Frameworks/Ruby.framework/Versions/1.8/usr/lib/ruby/gems/1.8/gems/actionpack-1.13.6/lib/action_controller/base.rb:812:in `render_file'
    /System/Library/Frameworks/Ruby.framework/Versions/1.8/usr/lib/ruby/gems/1.8/gems/actionpack-1.13.6/lib/action_controller/base.rb:717:in `render_with_no_layout'
    /System/Library/Frameworks/Ruby.framework/Versions/1.8/usr/lib/ruby/gems/1.8/gems/actionpack-1.13.6/lib/action_controller/layout.rb:256:in `render_without_benchmark'
    /System/Library/Frameworks/Ruby.framework/Versions/1.8/usr/lib/ruby/gems/1.8/gems/actionpack-1.13.6/lib/action_controller/benchmarking.rb:50:in `render'
    /System/Library/Frameworks/Ruby.framework/Versions/1.8/usr/lib/ruby/1.8/benchmark.rb:293:in `measure'
    /System/Library/Frameworks/Ruby.framework/Versions/1.8/usr/lib/ruby/gems/1.8/gems/actionpack-1.13.6/lib/action_controller/benchmarking.rb:50:in `render'
    /System/Library/Frameworks/Ruby.framework/Versions/1.8/usr/lib/ruby/gems/1.8/gems/actionpack-1.13.6/lib/action_controller/base.rb:1102:in `perform_action_without_filters'
    /System/Library/Frameworks/Ruby.framework/Versions/1.8/usr/lib/ruby/gems/1.8/gems/actionpack-1.13.6/lib/action_controller/filters.rb:696:in `call_filters'
    /System/Library/Frameworks/Ruby.framework/Versions/1.8/usr/lib/ruby/gems/1.8/gems/actionpack-1.13.6/lib/action_controller/filters.rb:688:in `perform_action_without_benchmark'
    /System/Library/Frameworks/Ruby.framework/Versions/1.8/usr/lib/ruby/gems/1.8/gems/actionpack-1.13.6/lib/action_controller/benchmarking.rb:66:in `perform_action_without_rescue'
    /System/Library/Frameworks/Ruby.framework/Versions/1.8/usr/lib/ruby/1.8/benchmark.rb:293:in `measure'
    /System/Library/Frameworks/Ruby.framework/Versions/1.8/usr/lib/ruby/gems/1.8/gems/actionpack-1.13.6/lib/action_controller/benchmarking.rb:66:in `perform_action_without_rescue'
    /System/Library/Frameworks/Ruby.framework/Versions/1.8/usr/lib/ruby/gems/1.8/gems/actionpack-1.13.6/lib/action_controller/rescue.rb:83:in `perform_action'
    /System/Library/Frameworks/Ruby.framework/Versions/1.8/usr/lib/ruby/gems/1.8/gems/actionpack-1.13.6/lib/action_controller/base.rb:435:in `send'
    /System/Library/Frameworks/Ruby.framework/Versions/1.8/usr/lib/ruby/gems/1.8/gems/actionpack-1.13.6/lib/action_controller/base.rb:435:in `process_without_filters'
    /System/Library/Frameworks/Ruby.framework/Versions/1.8/usr/lib/ruby/gems/1.8/gems/actionpack-1.13.6/lib/action_controller/filters.rb:684:in `process_without_session_management_support'
    /System/Library/Frameworks/Ruby.framework/Versions/1.8/usr/lib/ruby/gems/1.8/gems/actionpack-1.13.6/lib/action_controller/session_management.rb:114:in `process'
    /System/Library/Frameworks/Ruby.framework/Versions/1.8/usr/lib/ruby/gems/1.8/gems/actionpack-1.13.6/lib/action_controller/base.rb:334:in `process'
    /System/Library/Frameworks/Ruby.framework/Versions/1.8/usr/lib/ruby/gems/1.8/gems/rails-1.2.6/lib/dispatcher.rb:41:in `dispatch'
    /System/Library/Frameworks/Ruby.framework/Versions/1.8/usr/lib/ruby/gems/1.8/gems/mongrel-1.1.4/lib/mongrel/rails.rb:76:in `process'
    /System/Library/Frameworks/Ruby.framework/Versions/1.8/usr/lib/ruby/gems/1.8/gems/mongrel-1.1.4/lib/mongrel/rails.rb:74:in `synchronize'
    /System/Library/Frameworks/Ruby.framework/Versions/1.8/usr/lib/ruby/gems/1.8/gems/mongrel-1.1.4/lib/mongrel/rails.rb:74:in `process'
    /System/Library/Frameworks/Ruby.framework/Versions/1.8/usr/lib/ruby/gems/1.8/gems/mongrel-1.1.4/lib/mongrel.rb:159:in `process_client'
    /System/Library/Frameworks/Ruby.framework/Versions/1.8/usr/lib/ruby/gems/1.8/gems/mongrel-1.1.4/lib/mongrel.rb:158:in `each'
    /System/Library/Frameworks/Ruby.framework/Versions/1.8/usr/lib/ruby/gems/1.8/gems/mongrel-1.1.4/lib/mongrel.rb:158:in `process_client'
    /System/Library/Frameworks/Ruby.framework/Versions/1.8/usr/lib/ruby/gems/1.8/gems/mongrel-1.1.4/lib/mongrel.rb:285:in `run'
    /System/Library/Frameworks/Ruby.framework/Versions/1.8/usr/lib/ruby/gems/1.8/gems/mongrel-1.1.4/lib/mongrel.rb:285:in `initialize'
    /System/Library/Frameworks/Ruby.framework/Versions/1.8/usr/lib/ruby/gems/1.8/gems/mongrel-1.1.4/lib/mongrel.rb:285:in `new'
    /System/Library/Frameworks/Ruby.framework/Versions/1.8/usr/lib/ruby/gems/1.8/gems/mongrel-1.1.4/lib/mongrel.rb:285:in `run'
    /System/Library/Frameworks/Ruby.framework/Versions/1.8/usr/lib/ruby/gems/1.8/gems/mongrel-1.1.4/lib/mongrel.rb:268:in `initialize'
    /System/Library/Frameworks/Ruby.framework/Versions/1.8/usr/lib/ruby/gems/1.8/gems/mongrel-1.1.4/lib/mongrel.rb:268:in `new'
    /System/Library/Frameworks/Ruby.framework/Versions/1.8/usr/lib/ruby/gems/1.8/gems/mongrel-1.1.4/lib/mongrel.rb:268:in `run'
    /System/Library/Frameworks/Ruby.framework/Versions/1.8/usr/lib/ruby/gems/1.8/gems/mongrel-1.1.4/lib/mongrel/configurator.rb:282:in `run'
    /System/Library/Frameworks/Ruby.framework/Versions/1.8/usr/lib/ruby/gems/1.8/gems/mongrel-1.1.4/lib/mongrel/configurator.rb:281:in `each'
    /System/Library/Frameworks/Ruby.framework/Versions/1.8/usr/lib/ruby/gems/1.8/gems/mongrel-1.1.4/lib/mongrel/configurator.rb:281:in `run'
    /System/Library/Frameworks/Ruby.framework/Versions/1.8/usr/lib/ruby/gems/1.8/gems/mongrel-1.1.4/bin/mongrel_rails:128:in `run'
    /System/Library/Frameworks/Ruby.framework/Versions/1.8/usr/lib/ruby/gems/1.8/gems/mongrel-1.1.4/lib/mongrel/command.rb:212:in `run'
    /System/Library/Frameworks/Ruby.framework/Versions/1.8/usr/lib/ruby/gems/1.8/gems/mongrel-1.1.4/bin/mongrel_rails:281
    /System/Library/Frameworks/Ruby.framework/Versions/1.8/usr/lib/ruby/gems/1.8/gems/activesupport-1.4.4/lib/active_support/dependencies.rb:488:in `load'
    /System/Library/Frameworks/Ruby.framework/Versions/1.8/usr/lib/ruby/gems/1.8/gems/activesupport-1.4.4/lib/active_support/dependencies.rb:488:in `load'
    /System/Library/Frameworks/Ruby.framework/Versions/1.8/usr/lib/ruby/gems/1.8/gems/activesupport-1.4.4/lib/active_support/dependencies.rb:342:in `new_constants_in'
    /System/Library/Frameworks/Ruby.framework/Versions/1.8/usr/lib/ruby/gems/1.8/gems/activesupport-1.4.4/lib/active_support/dependencies.rb:488:in `load'
    /System/Library/Frameworks/Ruby.framework/Versions/1.8/usr/lib/ruby/gems/1.8/gems/rails-1.2.6/lib/commands/servers/mongrel.rb:60
    /System/Library/Frameworks/Ruby.framework/Versions/1.8/usr/lib/ruby/1.8/rubygems/custom_require.rb:27:in `gem_original_require'
    /System/Library/Frameworks/Ruby.framework/Versions/1.8/usr/lib/ruby/1.8/rubygems/custom_require.rb:27:in `require'
    /System/Library/Frameworks/Ruby.framework/Versions/1.8/usr/lib/ruby/gems/1.8/gems/activesupport-1.4.4/lib/active_support/dependencies.rb:495:in `require'
    /System/Library/Frameworks/Ruby.framework/Versions/1.8/usr/lib/ruby/gems/1.8/gems/activesupport-1.4.4/lib/active_support/dependencies.rb:342:in `new_constants_in'
    /System/Library/Frameworks/Ruby.framework/Versions/1.8/usr/lib/ruby/gems/1.8/gems/activesupport-1.4.4/lib/active_support/dependencies.rb:495:in `require'
    /System/Library/Frameworks/Ruby.framework/Versions/1.8/usr/lib/ruby/gems/1.8/gems/rails-1.2.6/lib/commands/server.rb:39
    /System/Library/Frameworks/Ruby.framework/Versions/1.8/usr/lib/ruby/1.8/rubygems/custom_require.rb:27:in `gem_original_require'
    /System/Library/Frameworks/Ruby.framework/Versions/1.8/usr/lib/ruby/1.8/rubygems/custom_require.rb:27:in `require'
    script/server:3


Rendering /System/Library/Frameworks/Ruby.framework/Versions/1.8/usr/lib/ruby/gems/1.8/gems/actionpack-1.13.6/lib/action_controller/templates/rescues/layout.rhtml (500 Internal Error)
PezezController: missing default helper path pezez_helper


Processing PezezController#index (for 127.0.0.1 at 2010-08-19 13:52:58) [GET]
  Session ID: 184694fc80e0e57633c57d7ac280691e
  Parameters: {"action"=>"index", "controller"=>"pezez"}
Rendering pezez/index
DEPRECATION WARNING: You called url_for(:new), which is a deprecated API call. Instead you should use the named route directly, like new(). Using symbols and parameters with url_for will be removed from Rails 2.0.  See http://www.rubyonrails.org/deprecation for details. (called from send at /System/Library/Frameworks/Ruby.framework/Versions/1.8/usr/lib/ruby/gems/1.8/gems/actionpack-1.13.6/lib/action_view/helpers/url_helper.rb:27)


ActionView::TemplateError (wrong number of arguments (1 for 0)) on line #2 of app/views/pezez/index.rhtml:
1: 
2: <p>Welcome, potential celebrant! If you would like to celebrate, please <%= url_for :new, "apply" %></p>

    /System/Library/Frameworks/Ruby.framework/Versions/1.8/usr/lib/ruby/gems/1.8/gems/actionpack-1.13.6/lib/action_controller/base.rb:524:in `new'
    /System/Library/Frameworks/Ruby.framework/Versions/1.8/usr/lib/ruby/gems/1.8/gems/actionpack-1.13.6/lib/action_controller/base.rb:524:in `send'
    /System/Library/Frameworks/Ruby.framework/Versions/1.8/usr/lib/ruby/gems/1.8/gems/actionpack-1.13.6/lib/action_controller/base.rb:524:in `url_for'
    /System/Library/Frameworks/Ruby.framework/Versions/1.8/usr/lib/ruby/gems/1.8/gems/actionpack-1.13.6/lib/action_view/helpers/url_helper.rb:27:in `send'
    /System/Library/Frameworks/Ruby.framework/Versions/1.8/usr/lib/ruby/gems/1.8/gems/actionpack-1.13.6/lib/action_view/helpers/url_helper.rb:27:in `url_for'
    /Users/sdeobald/src/mombot/app/views/pezez/index.rhtml:2:in `_run_rhtml_47app47views47pezez47index46rhtml'
    /System/Library/Frameworks/Ruby.framework/Versions/1.8/usr/lib/ruby/gems/1.8/gems/actionpack-1.13.6/lib/action_view/base.rb:325:in `send'
    /System/Library/Frameworks/Ruby.framework/Versions/1.8/usr/lib/ruby/gems/1.8/gems/actionpack-1.13.6/lib/action_view/base.rb:325:in `compile_and_render_template'
    /System/Library/Frameworks/Ruby.framework/Versions/1.8/usr/lib/ruby/gems/1.8/gems/actionpack-1.13.6/lib/action_view/base.rb:301:in `render_template'
    /System/Library/Frameworks/Ruby.framework/Versions/1.8/usr/lib/ruby/gems/1.8/gems/actionpack-1.13.6/lib/action_view/base.rb:260:in `render_file'
    /System/Library/Frameworks/Ruby.framework/Versions/1.8/usr/lib/ruby/gems/1.8/gems/actionpack-1.13.6/lib/action_controller/base.rb:812:in `render_file'
    /System/Library/Frameworks/Ruby.framework/Versions/1.8/usr/lib/ruby/gems/1.8/gems/actionpack-1.13.6/lib/action_controller/base.rb:717:in `render_with_no_layout'
    /System/Library/Frameworks/Ruby.framework/Versions/1.8/usr/lib/ruby/gems/1.8/gems/actionpack-1.13.6/lib/action_controller/layout.rb:256:in `render_without_benchmark'
    /System/Library/Frameworks/Ruby.framework/Versions/1.8/usr/lib/ruby/gems/1.8/gems/actionpack-1.13.6/lib/action_controller/benchmarking.rb:50:in `render'
    /System/Library/Frameworks/Ruby.framework/Versions/1.8/usr/lib/ruby/1.8/benchmark.rb:293:in `measure'
    /System/Library/Frameworks/Ruby.framework/Versions/1.8/usr/lib/ruby/gems/1.8/gems/actionpack-1.13.6/lib/action_controller/benchmarking.rb:50:in `render'
    /System/Library/Frameworks/Ruby.framework/Versions/1.8/usr/lib/ruby/gems/1.8/gems/actionpack-1.13.6/lib/action_controller/base.rb:1102:in `perform_action_without_filters'
    /System/Library/Frameworks/Ruby.framework/Versions/1.8/usr/lib/ruby/gems/1.8/gems/actionpack-1.13.6/lib/action_controller/filters.rb:696:in `call_filters'
    /System/Library/Frameworks/Ruby.framework/Versions/1.8/usr/lib/ruby/gems/1.8/gems/actionpack-1.13.6/lib/action_controller/filters.rb:688:in `perform_action_without_benchmark'
    /System/Library/Frameworks/Ruby.framework/Versions/1.8/usr/lib/ruby/gems/1.8/gems/actionpack-1.13.6/lib/action_controller/benchmarking.rb:66:in `perform_action_without_rescue'
    /System/Library/Frameworks/Ruby.framework/Versions/1.8/usr/lib/ruby/1.8/benchmark.rb:293:in `measure'
    /System/Library/Frameworks/Ruby.framework/Versions/1.8/usr/lib/ruby/gems/1.8/gems/actionpack-1.13.6/lib/action_controller/benchmarking.rb:66:in `perform_action_without_rescue'
    /System/Library/Frameworks/Ruby.framework/Versions/1.8/usr/lib/ruby/gems/1.8/gems/actionpack-1.13.6/lib/action_controller/rescue.rb:83:in `perform_action'
    /System/Library/Frameworks/Ruby.framework/Versions/1.8/usr/lib/ruby/gems/1.8/gems/actionpack-1.13.6/lib/action_controller/base.rb:435:in `send'
    /System/Library/Frameworks/Ruby.framework/Versions/1.8/usr/lib/ruby/gems/1.8/gems/actionpack-1.13.6/lib/action_controller/base.rb:435:in `process_without_filters'
    /System/Library/Frameworks/Ruby.framework/Versions/1.8/usr/lib/ruby/gems/1.8/gems/actionpack-1.13.6/lib/action_controller/filters.rb:684:in `process_without_session_management_support'
    /System/Library/Frameworks/Ruby.framework/Versions/1.8/usr/lib/ruby/gems/1.8/gems/actionpack-1.13.6/lib/action_controller/session_management.rb:114:in `process'
    /System/Library/Frameworks/Ruby.framework/Versions/1.8/usr/lib/ruby/gems/1.8/gems/actionpack-1.13.6/lib/action_controller/base.rb:334:in `process'
    /System/Library/Frameworks/Ruby.framework/Versions/1.8/usr/lib/ruby/gems/1.8/gems/rails-1.2.6/lib/dispatcher.rb:41:in `dispatch'
    /System/Library/Frameworks/Ruby.framework/Versions/1.8/usr/lib/ruby/gems/1.8/gems/mongrel-1.1.4/lib/mongrel/rails.rb:76:in `process'
    /System/Library/Frameworks/Ruby.framework/Versions/1.8/usr/lib/ruby/gems/1.8/gems/mongrel-1.1.4/lib/mongrel/rails.rb:74:in `synchronize'
    /System/Library/Frameworks/Ruby.framework/Versions/1.8/usr/lib/ruby/gems/1.8/gems/mongrel-1.1.4/lib/mongrel/rails.rb:74:in `process'
    /System/Library/Frameworks/Ruby.framework/Versions/1.8/usr/lib/ruby/gems/1.8/gems/mongrel-1.1.4/lib/mongrel.rb:159:in `process_client'
    /System/Library/Frameworks/Ruby.framework/Versions/1.8/usr/lib/ruby/gems/1.8/gems/mongrel-1.1.4/lib/mongrel.rb:158:in `each'
    /System/Library/Frameworks/Ruby.framework/Versions/1.8/usr/lib/ruby/gems/1.8/gems/mongrel-1.1.4/lib/mongrel.rb:158:in `process_client'
    /System/Library/Frameworks/Ruby.framework/Versions/1.8/usr/lib/ruby/gems/1.8/gems/mongrel-1.1.4/lib/mongrel.rb:285:in `run'
    /System/Library/Frameworks/Ruby.framework/Versions/1.8/usr/lib/ruby/gems/1.8/gems/mongrel-1.1.4/lib/mongrel.rb:285:in `initialize'
    /System/Library/Frameworks/Ruby.framework/Versions/1.8/usr/lib/ruby/gems/1.8/gems/mongrel-1.1.4/lib/mongrel.rb:285:in `new'
    /System/Library/Frameworks/Ruby.framework/Versions/1.8/usr/lib/ruby/gems/1.8/gems/mongrel-1.1.4/lib/mongrel.rb:285:in `run'
    /System/Library/Frameworks/Ruby.framework/Versions/1.8/usr/lib/ruby/gems/1.8/gems/mongrel-1.1.4/lib/mongrel.rb:268:in `initialize'
    /System/Library/Frameworks/Ruby.framework/Versions/1.8/usr/lib/ruby/gems/1.8/gems/mongrel-1.1.4/lib/mongrel.rb:268:in `new'
    /System/Library/Frameworks/Ruby.framework/Versions/1.8/usr/lib/ruby/gems/1.8/gems/mongrel-1.1.4/lib/mongrel.rb:268:in `run'
    /System/Library/Frameworks/Ruby.framework/Versions/1.8/usr/lib/ruby/gems/1.8/gems/mongrel-1.1.4/lib/mongrel/configurator.rb:282:in `run'
    /System/Library/Frameworks/Ruby.framework/Versions/1.8/usr/lib/ruby/gems/1.8/gems/mongrel-1.1.4/lib/mongrel/configurator.rb:281:in `each'
    /System/Library/Frameworks/Ruby.framework/Versions/1.8/usr/lib/ruby/gems/1.8/gems/mongrel-1.1.4/lib/mongrel/configurator.rb:281:in `run'
    /System/Library/Frameworks/Ruby.framework/Versions/1.8/usr/lib/ruby/gems/1.8/gems/mongrel-1.1.4/bin/mongrel_rails:128:in `run'
    /System/Library/Frameworks/Ruby.framework/Versions/1.8/usr/lib/ruby/gems/1.8/gems/mongrel-1.1.4/lib/mongrel/command.rb:212:in `run'
    /System/Library/Frameworks/Ruby.framework/Versions/1.8/usr/lib/ruby/gems/1.8/gems/mongrel-1.1.4/bin/mongrel_rails:281
    /System/Library/Frameworks/Ruby.framework/Versions/1.8/usr/lib/ruby/gems/1.8/gems/activesupport-1.4.4/lib/active_support/dependencies.rb:488:in `load'
    /System/Library/Frameworks/Ruby.framework/Versions/1.8/usr/lib/ruby/gems/1.8/gems/activesupport-1.4.4/lib/active_support/dependencies.rb:488:in `load'
    /System/Library/Frameworks/Ruby.framework/Versions/1.8/usr/lib/ruby/gems/1.8/gems/activesupport-1.4.4/lib/active_support/dependencies.rb:342:in `new_constants_in'
    /System/Library/Frameworks/Ruby.framework/Versions/1.8/usr/lib/ruby/gems/1.8/gems/activesupport-1.4.4/lib/active_support/dependencies.rb:488:in `load'
    /System/Library/Frameworks/Ruby.framework/Versions/1.8/usr/lib/ruby/gems/1.8/gems/rails-1.2.6/lib/commands/servers/mongrel.rb:60
    /System/Library/Frameworks/Ruby.framework/Versions/1.8/usr/lib/ruby/1.8/rubygems/custom_require.rb:27:in `gem_original_require'
    /System/Library/Frameworks/Ruby.framework/Versions/1.8/usr/lib/ruby/1.8/rubygems/custom_require.rb:27:in `require'
    /System/Library/Frameworks/Ruby.framework/Versions/1.8/usr/lib/ruby/gems/1.8/gems/activesupport-1.4.4/lib/active_support/dependencies.rb:495:in `require'
    /System/Library/Frameworks/Ruby.framework/Versions/1.8/usr/lib/ruby/gems/1.8/gems/activesupport-1.4.4/lib/active_support/dependencies.rb:342:in `new_constants_in'
    /System/Library/Frameworks/Ruby.framework/Versions/1.8/usr/lib/ruby/gems/1.8/gems/activesupport-1.4.4/lib/active_support/dependencies.rb:495:in `require'
    /System/Library/Frameworks/Ruby.framework/Versions/1.8/usr/lib/ruby/gems/1.8/gems/rails-1.2.6/lib/commands/server.rb:39
    /System/Library/Frameworks/Ruby.framework/Versions/1.8/usr/lib/ruby/1.8/rubygems/custom_require.rb:27:in `gem_original_require'
    /System/Library/Frameworks/Ruby.framework/Versions/1.8/usr/lib/ruby/1.8/rubygems/custom_require.rb:27:in `require'
    script/server:3


Rendering /System/Library/Frameworks/Ruby.framework/Versions/1.8/usr/lib/ruby/gems/1.8/gems/actionpack-1.13.6/lib/action_controller/templates/rescues/layout.rhtml (500 Internal Error)
PezezController: missing default helper path pezez_helper


Processing PezezController#index (for 127.0.0.1 at 2010-08-19 13:53:32) [GET]
  Session ID: 184694fc80e0e57633c57d7ac280691e
  Parameters: {"action"=>"index", "controller"=>"pezez"}
Rendering pezez/index
DEPRECATION WARNING: You called url_for(:new), which is a deprecated API call. Instead you should use the named route directly, like new(). Using symbols and parameters with url_for will be removed from Rails 2.0.  See http://www.rubyonrails.org/deprecation for details. (called from send at /System/Library/Frameworks/Ruby.framework/Versions/1.8/usr/lib/ruby/gems/1.8/gems/actionpack-1.13.6/lib/action_view/helpers/url_helper.rb:27)


ActionView::TemplateError (uninitialized constant PezezController::Pez) on line #2 of app/views/pezez/index.rhtml:
1: 
2: <p>Welcome, potential celebrant! If you would like to celebrate, please <%= url_for :new %></p>

    /System/Library/Frameworks/Ruby.framework/Versions/1.8/usr/lib/ruby/gems/1.8/gems/activesupport-1.4.4/lib/active_support/dependencies.rb:477:in `const_missing'
    /Users/sdeobald/src/mombot/app/controllers/pezez_controller.rb:8:in `new'
    /System/Library/Frameworks/Ruby.framework/Versions/1.8/usr/lib/ruby/gems/1.8/gems/actionpack-1.13.6/lib/action_controller/base.rb:524:in `send'
    /System/Library/Frameworks/Ruby.framework/Versions/1.8/usr/lib/ruby/gems/1.8/gems/actionpack-1.13.6/lib/action_controller/base.rb:524:in `url_for'
    /System/Library/Frameworks/Ruby.framework/Versions/1.8/usr/lib/ruby/gems/1.8/gems/actionpack-1.13.6/lib/action_view/helpers/url_helper.rb:27:in `send'
    /System/Library/Frameworks/Ruby.framework/Versions/1.8/usr/lib/ruby/gems/1.8/gems/actionpack-1.13.6/lib/action_view/helpers/url_helper.rb:27:in `url_for'
    /Users/sdeobald/src/mombot/app/views/pezez/index.rhtml:2:in `_run_rhtml_47app47views47pezez47index46rhtml'
    /System/Library/Frameworks/Ruby.framework/Versions/1.8/usr/lib/ruby/gems/1.8/gems/actionpack-1.13.6/lib/action_view/base.rb:325:in `send'
    /System/Library/Frameworks/Ruby.framework/Versions/1.8/usr/lib/ruby/gems/1.8/gems/actionpack-1.13.6/lib/action_view/base.rb:325:in `compile_and_render_template'
    /System/Library/Frameworks/Ruby.framework/Versions/1.8/usr/lib/ruby/gems/1.8/gems/actionpack-1.13.6/lib/action_view/base.rb:301:in `render_template'
    /System/Library/Frameworks/Ruby.framework/Versions/1.8/usr/lib/ruby/gems/1.8/gems/actionpack-1.13.6/lib/action_view/base.rb:260:in `render_file'
    /System/Library/Frameworks/Ruby.framework/Versions/1.8/usr/lib/ruby/gems/1.8/gems/actionpack-1.13.6/lib/action_controller/base.rb:812:in `render_file'
    /System/Library/Frameworks/Ruby.framework/Versions/1.8/usr/lib/ruby/gems/1.8/gems/actionpack-1.13.6/lib/action_controller/base.rb:717:in `render_with_no_layout'
    /System/Library/Frameworks/Ruby.framework/Versions/1.8/usr/lib/ruby/gems/1.8/gems/actionpack-1.13.6/lib/action_controller/layout.rb:256:in `render_without_benchmark'
    /System/Library/Frameworks/Ruby.framework/Versions/1.8/usr/lib/ruby/gems/1.8/gems/actionpack-1.13.6/lib/action_controller/benchmarking.rb:50:in `render'
    /System/Library/Frameworks/Ruby.framework/Versions/1.8/usr/lib/ruby/1.8/benchmark.rb:293:in `measure'
    /System/Library/Frameworks/Ruby.framework/Versions/1.8/usr/lib/ruby/gems/1.8/gems/actionpack-1.13.6/lib/action_controller/benchmarking.rb:50:in `render'
    /System/Library/Frameworks/Ruby.framework/Versions/1.8/usr/lib/ruby/gems/1.8/gems/actionpack-1.13.6/lib/action_controller/base.rb:1102:in `perform_action_without_filters'
    /System/Library/Frameworks/Ruby.framework/Versions/1.8/usr/lib/ruby/gems/1.8/gems/actionpack-1.13.6/lib/action_controller/filters.rb:696:in `call_filters'
    /System/Library/Frameworks/Ruby.framework/Versions/1.8/usr/lib/ruby/gems/1.8/gems/actionpack-1.13.6/lib/action_controller/filters.rb:688:in `perform_action_without_benchmark'
    /System/Library/Frameworks/Ruby.framework/Versions/1.8/usr/lib/ruby/gems/1.8/gems/actionpack-1.13.6/lib/action_controller/benchmarking.rb:66:in `perform_action_without_rescue'
    /System/Library/Frameworks/Ruby.framework/Versions/1.8/usr/lib/ruby/1.8/benchmark.rb:293:in `measure'
    /System/Library/Frameworks/Ruby.framework/Versions/1.8/usr/lib/ruby/gems/1.8/gems/actionpack-1.13.6/lib/action_controller/benchmarking.rb:66:in `perform_action_without_rescue'
    /System/Library/Frameworks/Ruby.framework/Versions/1.8/usr/lib/ruby/gems/1.8/gems/actionpack-1.13.6/lib/action_controller/rescue.rb:83:in `perform_action'
    /System/Library/Frameworks/Ruby.framework/Versions/1.8/usr/lib/ruby/gems/1.8/gems/actionpack-1.13.6/lib/action_controller/base.rb:435:in `send'
    /System/Library/Frameworks/Ruby.framework/Versions/1.8/usr/lib/ruby/gems/1.8/gems/actionpack-1.13.6/lib/action_controller/base.rb:435:in `process_without_filters'
    /System/Library/Frameworks/Ruby.framework/Versions/1.8/usr/lib/ruby/gems/1.8/gems/actionpack-1.13.6/lib/action_controller/filters.rb:684:in `process_without_session_management_support'
    /System/Library/Frameworks/Ruby.framework/Versions/1.8/usr/lib/ruby/gems/1.8/gems/actionpack-1.13.6/lib/action_controller/session_management.rb:114:in `process'
    /System/Library/Frameworks/Ruby.framework/Versions/1.8/usr/lib/ruby/gems/1.8/gems/actionpack-1.13.6/lib/action_controller/base.rb:334:in `process'
    /System/Library/Frameworks/Ruby.framework/Versions/1.8/usr/lib/ruby/gems/1.8/gems/rails-1.2.6/lib/dispatcher.rb:41:in `dispatch'
    /System/Library/Frameworks/Ruby.framework/Versions/1.8/usr/lib/ruby/gems/1.8/gems/mongrel-1.1.4/lib/mongrel/rails.rb:76:in `process'
    /System/Library/Frameworks/Ruby.framework/Versions/1.8/usr/lib/ruby/gems/1.8/gems/mongrel-1.1.4/lib/mongrel/rails.rb:74:in `synchronize'
    /System/Library/Frameworks/Ruby.framework/Versions/1.8/usr/lib/ruby/gems/1.8/gems/mongrel-1.1.4/lib/mongrel/rails.rb:74:in `process'
    /System/Library/Frameworks/Ruby.framework/Versions/1.8/usr/lib/ruby/gems/1.8/gems/mongrel-1.1.4/lib/mongrel.rb:159:in `process_client'
    /System/Library/Frameworks/Ruby.framework/Versions/1.8/usr/lib/ruby/gems/1.8/gems/mongrel-1.1.4/lib/mongrel.rb:158:in `each'
    /System/Library/Frameworks/Ruby.framework/Versions/1.8/usr/lib/ruby/gems/1.8/gems/mongrel-1.1.4/lib/mongrel.rb:158:in `process_client'
    /System/Library/Frameworks/Ruby.framework/Versions/1.8/usr/lib/ruby/gems/1.8/gems/mongrel-1.1.4/lib/mongrel.rb:285:in `run'
    /System/Library/Frameworks/Ruby.framework/Versions/1.8/usr/lib/ruby/gems/1.8/gems/mongrel-1.1.4/lib/mongrel.rb:285:in `initialize'
    /System/Library/Frameworks/Ruby.framework/Versions/1.8/usr/lib/ruby/gems/1.8/gems/mongrel-1.1.4/lib/mongrel.rb:285:in `new'
    /System/Library/Frameworks/Ruby.framework/Versions/1.8/usr/lib/ruby/gems/1.8/gems/mongrel-1.1.4/lib/mongrel.rb:285:in `run'
    /System/Library/Frameworks/Ruby.framework/Versions/1.8/usr/lib/ruby/gems/1.8/gems/mongrel-1.1.4/lib/mongrel.rb:268:in `initialize'
    /System/Library/Frameworks/Ruby.framework/Versions/1.8/usr/lib/ruby/gems/1.8/gems/mongrel-1.1.4/lib/mongrel.rb:268:in `new'
    /System/Library/Frameworks/Ruby.framework/Versions/1.8/usr/lib/ruby/gems/1.8/gems/mongrel-1.1.4/lib/mongrel.rb:268:in `run'
    /System/Library/Frameworks/Ruby.framework/Versions/1.8/usr/lib/ruby/gems/1.8/gems/mongrel-1.1.4/lib/mongrel/configurator.rb:282:in `run'
    /System/Library/Frameworks/Ruby.framework/Versions/1.8/usr/lib/ruby/gems/1.8/gems/mongrel-1.1.4/lib/mongrel/configurator.rb:281:in `each'
    /System/Library/Frameworks/Ruby.framework/Versions/1.8/usr/lib/ruby/gems/1.8/gems/mongrel-1.1.4/lib/mongrel/configurator.rb:281:in `run'
    /System/Library/Frameworks/Ruby.framework/Versions/1.8/usr/lib/ruby/gems/1.8/gems/mongrel-1.1.4/bin/mongrel_rails:128:in `run'
    /System/Library/Frameworks/Ruby.framework/Versions/1.8/usr/lib/ruby/gems/1.8/gems/mongrel-1.1.4/lib/mongrel/command.rb:212:in `run'
    /System/Library/Frameworks/Ruby.framework/Versions/1.8/usr/lib/ruby/gems/1.8/gems/mongrel-1.1.4/bin/mongrel_rails:281
    /System/Library/Frameworks/Ruby.framework/Versions/1.8/usr/lib/ruby/gems/1.8/gems/activesupport-1.4.4/lib/active_support/dependencies.rb:488:in `load'
    /System/Library/Frameworks/Ruby.framework/Versions/1.8/usr/lib/ruby/gems/1.8/gems/activesupport-1.4.4/lib/active_support/dependencies.rb:488:in `load'
    /System/Library/Frameworks/Ruby.framework/Versions/1.8/usr/lib/ruby/gems/1.8/gems/activesupport-1.4.4/lib/active_support/dependencies.rb:342:in `new_constants_in'
    /System/Library/Frameworks/Ruby.framework/Versions/1.8/usr/lib/ruby/gems/1.8/gems/activesupport-1.4.4/lib/active_support/dependencies.rb:488:in `load'
    /System/Library/Frameworks/Ruby.framework/Versions/1.8/usr/lib/ruby/gems/1.8/gems/rails-1.2.6/lib/commands/servers/mongrel.rb:60
    /System/Library/Frameworks/Ruby.framework/Versions/1.8/usr/lib/ruby/1.8/rubygems/custom_require.rb:27:in `gem_original_require'
    /System/Library/Frameworks/Ruby.framework/Versions/1.8/usr/lib/ruby/1.8/rubygems/custom_require.rb:27:in `require'
    /System/Library/Frameworks/Ruby.framework/Versions/1.8/usr/lib/ruby/gems/1.8/gems/activesupport-1.4.4/lib/active_support/dependencies.rb:495:in `require'
    /System/Library/Frameworks/Ruby.framework/Versions/1.8/usr/lib/ruby/gems/1.8/gems/activesupport-1.4.4/lib/active_support/dependencies.rb:342:in `new_constants_in'
    /System/Library/Frameworks/Ruby.framework/Versions/1.8/usr/lib/ruby/gems/1.8/gems/activesupport-1.4.4/lib/active_support/dependencies.rb:495:in `require'
    /System/Library/Frameworks/Ruby.framework/Versions/1.8/usr/lib/ruby/gems/1.8/gems/rails-1.2.6/lib/commands/server.rb:39
    /System/Library/Frameworks/Ruby.framework/Versions/1.8/usr/lib/ruby/1.8/rubygems/custom_require.rb:27:in `gem_original_require'
    /System/Library/Frameworks/Ruby.framework/Versions/1.8/usr/lib/ruby/1.8/rubygems/custom_require.rb:27:in `require'
    script/server:3


Rendering /System/Library/Frameworks/Ruby.framework/Versions/1.8/usr/lib/ruby/gems/1.8/gems/actionpack-1.13.6/lib/action_controller/templates/rescues/layout.rhtml (500 Internal Error)
PezezController: missing default helper path pezez_helper


Processing PezezController#index (for 127.0.0.1 at 2010-08-19 13:57:31) [GET]
  Session ID: 184694fc80e0e57633c57d7ac280691e
  Parameters: {"action"=>"index", "controller"=>"pezez"}
Rendering pezez/index
DEPRECATION WARNING: You called url_for(:new), which is a deprecated API call. Instead you should use the named route directly, like new(). Using symbols and parameters with url_for will be removed from Rails 2.0.  See http://www.rubyonrails.org/deprecation for details. (called from send at /System/Library/Frameworks/Ruby.framework/Versions/1.8/usr/lib/ruby/gems/1.8/gems/actionpack-1.13.6/lib/action_view/helpers/url_helper.rb:27)


ActionView::TemplateError (ActiveRecord::StatementInvalid) on line #2 of app/views/pezez/index.rhtml:
1: 
2: <p>Welcome, potential celebrant! If you would like to celebrate, please <%= url_for :new %></p>

    /System/Library/Frameworks/Ruby.framework/Versions/1.8/usr/lib/ruby/gems/1.8/gems/activerecord-1.15.6/lib/active_record/connection_adapters/sqlite_adapter.rb:365:in `table_structure'
    /System/Library/Frameworks/Ruby.framework/Versions/1.8/usr/lib/ruby/gems/1.8/gems/activesupport-1.4.4/lib/active_support/core_ext/object/misc.rb:23:in `returning'
    /System/Library/Frameworks/Ruby.framework/Versions/1.8/usr/lib/ruby/gems/1.8/gems/activerecord-1.15.6/lib/active_record/connection_adapters/sqlite_adapter.rb:364:in `table_structure'
    /System/Library/Frameworks/Ruby.framework/Versions/1.8/usr/lib/ruby/gems/1.8/gems/activerecord-1.15.6/lib/active_record/connection_adapters/sqlite_adapter.rb:215:in `columns'
    /System/Library/Frameworks/Ruby.framework/Versions/1.8/usr/lib/ruby/gems/1.8/gems/activerecord-1.15.6/lib/active_record/base.rb:763:in `columns'
    /System/Library/Frameworks/Ruby.framework/Versions/1.8/usr/lib/ruby/gems/1.8/gems/activerecord-1.15.6/lib/active_record/base.rb:2063:in `attributes_from_column_definition_without_lock'
    /System/Library/Frameworks/Ruby.framework/Versions/1.8/usr/lib/ruby/gems/1.8/gems/activerecord-1.15.6/lib/active_record/locking/optimistic.rb:45:in `attributes_from_column_definition'
    /System/Library/Frameworks/Ruby.framework/Versions/1.8/usr/lib/ruby/gems/1.8/gems/activerecord-1.15.6/lib/active_record/base.rb:1505:in `initialize_without_callbacks'
    /System/Library/Frameworks/Ruby.framework/Versions/1.8/usr/lib/ruby/gems/1.8/gems/activerecord-1.15.6/lib/active_record/callbacks.rb:225:in `initialize'
    /Users/sdeobald/src/mombot/app/controllers/pezez_controller.rb:8:in `new'
    /Users/sdeobald/src/mombot/app/controllers/pezez_controller.rb:8:in `new'
    /System/Library/Frameworks/Ruby.framework/Versions/1.8/usr/lib/ruby/gems/1.8/gems/actionpack-1.13.6/lib/action_controller/base.rb:524:in `send'
    /System/Library/Frameworks/Ruby.framework/Versions/1.8/usr/lib/ruby/gems/1.8/gems/actionpack-1.13.6/lib/action_controller/base.rb:524:in `url_for'
    /System/Library/Frameworks/Ruby.framework/Versions/1.8/usr/lib/ruby/gems/1.8/gems/actionpack-1.13.6/lib/action_view/helpers/url_helper.rb:27:in `send'
    /System/Library/Frameworks/Ruby.framework/Versions/1.8/usr/lib/ruby/gems/1.8/gems/actionpack-1.13.6/lib/action_view/helpers/url_helper.rb:27:in `url_for'
    /Users/sdeobald/src/mombot/app/views/pezez/index.rhtml:2:in `_run_rhtml_47app47views47pezez47index46rhtml'
    /System/Library/Frameworks/Ruby.framework/Versions/1.8/usr/lib/ruby/gems/1.8/gems/actionpack-1.13.6/lib/action_view/base.rb:325:in `send'
    /System/Library/Frameworks/Ruby.framework/Versions/1.8/usr/lib/ruby/gems/1.8/gems/actionpack-1.13.6/lib/action_view/base.rb:325:in `compile_and_render_template'
    /System/Library/Frameworks/Ruby.framework/Versions/1.8/usr/lib/ruby/gems/1.8/gems/actionpack-1.13.6/lib/action_view/base.rb:301:in `render_template'
    /System/Library/Frameworks/Ruby.framework/Versions/1.8/usr/lib/ruby/gems/1.8/gems/actionpack-1.13.6/lib/action_view/base.rb:260:in `render_file'
    /System/Library/Frameworks/Ruby.framework/Versions/1.8/usr/lib/ruby/gems/1.8/gems/actionpack-1.13.6/lib/action_controller/base.rb:812:in `render_file'
    /System/Library/Frameworks/Ruby.framework/Versions/1.8/usr/lib/ruby/gems/1.8/gems/actionpack-1.13.6/lib/action_controller/base.rb:717:in `render_with_no_layout'
    /System/Library/Frameworks/Ruby.framework/Versions/1.8/usr/lib/ruby/gems/1.8/gems/actionpack-1.13.6/lib/action_controller/layout.rb:256:in `render_without_benchmark'
    /System/Library/Frameworks/Ruby.framework/Versions/1.8/usr/lib/ruby/gems/1.8/gems/actionpack-1.13.6/lib/action_controller/benchmarking.rb:50:in `render'
    /System/Library/Frameworks/Ruby.framework/Versions/1.8/usr/lib/ruby/1.8/benchmark.rb:293:in `measure'
    /System/Library/Frameworks/Ruby.framework/Versions/1.8/usr/lib/ruby/gems/1.8/gems/actionpack-1.13.6/lib/action_controller/benchmarking.rb:50:in `render'
    /System/Library/Frameworks/Ruby.framework/Versions/1.8/usr/lib/ruby/gems/1.8/gems/actionpack-1.13.6/lib/action_controller/base.rb:1102:in `perform_action_without_filters'
    /System/Library/Frameworks/Ruby.framework/Versions/1.8/usr/lib/ruby/gems/1.8/gems/actionpack-1.13.6/lib/action_controller/filters.rb:696:in `call_filters'
    /System/Library/Frameworks/Ruby.framework/Versions/1.8/usr/lib/ruby/gems/1.8/gems/actionpack-1.13.6/lib/action_controller/filters.rb:688:in `perform_action_without_benchmark'
    /System/Library/Frameworks/Ruby.framework/Versions/1.8/usr/lib/ruby/gems/1.8/gems/actionpack-1.13.6/lib/action_controller/benchmarking.rb:66:in `perform_action_without_rescue'
    /System/Library/Frameworks/Ruby.framework/Versions/1.8/usr/lib/ruby/1.8/benchmark.rb:293:in `measure'
    /System/Library/Frameworks/Ruby.framework/Versions/1.8/usr/lib/ruby/gems/1.8/gems/actionpack-1.13.6/lib/action_controller/benchmarking.rb:66:in `perform_action_without_rescue'
    /System/Library/Frameworks/Ruby.framework/Versions/1.8/usr/lib/ruby/gems/1.8/gems/actionpack-1.13.6/lib/action_controller/rescue.rb:83:in `perform_action'
    /System/Library/Frameworks/Ruby.framework/Versions/1.8/usr/lib/ruby/gems/1.8/gems/actionpack-1.13.6/lib/action_controller/base.rb:435:in `send'
    /System/Library/Frameworks/Ruby.framework/Versions/1.8/usr/lib/ruby/gems/1.8/gems/actionpack-1.13.6/lib/action_controller/base.rb:435:in `process_without_filters'
    /System/Library/Frameworks/Ruby.framework/Versions/1.8/usr/lib/ruby/gems/1.8/gems/actionpack-1.13.6/lib/action_controller/filters.rb:684:in `process_without_session_management_support'
    /System/Library/Frameworks/Ruby.framework/Versions/1.8/usr/lib/ruby/gems/1.8/gems/actionpack-1.13.6/lib/action_controller/session_management.rb:114:in `process'
    /System/Library/Frameworks/Ruby.framework/Versions/1.8/usr/lib/ruby/gems/1.8/gems/actionpack-1.13.6/lib/action_controller/base.rb:334:in `process'
    /System/Library/Frameworks/Ruby.framework/Versions/1.8/usr/lib/ruby/gems/1.8/gems/rails-1.2.6/lib/dispatcher.rb:41:in `dispatch'
    /System/Library/Frameworks/Ruby.framework/Versions/1.8/usr/lib/ruby/gems/1.8/gems/mongrel-1.1.4/lib/mongrel/rails.rb:76:in `process'
    /System/Library/Frameworks/Ruby.framework/Versions/1.8/usr/lib/ruby/gems/1.8/gems/mongrel-1.1.4/lib/mongrel/rails.rb:74:in `synchronize'
    /System/Library/Frameworks/Ruby.framework/Versions/1.8/usr/lib/ruby/gems/1.8/gems/mongrel-1.1.4/lib/mongrel/rails.rb:74:in `process'
    /System/Library/Frameworks/Ruby.framework/Versions/1.8/usr/lib/ruby/gems/1.8/gems/mongrel-1.1.4/lib/mongrel.rb:159:in `process_client'
    /System/Library/Frameworks/Ruby.framework/Versions/1.8/usr/lib/ruby/gems/1.8/gems/mongrel-1.1.4/lib/mongrel.rb:158:in `each'
    /System/Library/Frameworks/Ruby.framework/Versions/1.8/usr/lib/ruby/gems/1.8/gems/mongrel-1.1.4/lib/mongrel.rb:158:in `process_client'
    /System/Library/Frameworks/Ruby.framework/Versions/1.8/usr/lib/ruby/gems/1.8/gems/mongrel-1.1.4/lib/mongrel.rb:285:in `run'
    /System/Library/Frameworks/Ruby.framework/Versions/1.8/usr/lib/ruby/gems/1.8/gems/mongrel-1.1.4/lib/mongrel.rb:285:in `initialize'
    /System/Library/Frameworks/Ruby.framework/Versions/1.8/usr/lib/ruby/gems/1.8/gems/mongrel-1.1.4/lib/mongrel.rb:285:in `new'
    /System/Library/Frameworks/Ruby.framework/Versions/1.8/usr/lib/ruby/gems/1.8/gems/mongrel-1.1.4/lib/mongrel.rb:285:in `run'
    /System/Library/Frameworks/Ruby.framework/Versions/1.8/usr/lib/ruby/gems/1.8/gems/mongrel-1.1.4/lib/mongrel.rb:268:in `initialize'
    /System/Library/Frameworks/Ruby.framework/Versions/1.8/usr/lib/ruby/gems/1.8/gems/mongrel-1.1.4/lib/mongrel.rb:268:in `new'
    /System/Library/Frameworks/Ruby.framework/Versions/1.8/usr/lib/ruby/gems/1.8/gems/mongrel-1.1.4/lib/mongrel.rb:268:in `run'
    /System/Library/Frameworks/Ruby.framework/Versions/1.8/usr/lib/ruby/gems/1.8/gems/mongrel-1.1.4/lib/mongrel/configurator.rb:282:in `run'
    /System/Library/Frameworks/Ruby.framework/Versions/1.8/usr/lib/ruby/gems/1.8/gems/mongrel-1.1.4/lib/mongrel/configurator.rb:281:in `each'
    /System/Library/Frameworks/Ruby.framework/Versions/1.8/usr/lib/ruby/gems/1.8/gems/mongrel-1.1.4/lib/mongrel/configurator.rb:281:in `run'
    /System/Library/Frameworks/Ruby.framework/Versions/1.8/usr/lib/ruby/gems/1.8/gems/mongrel-1.1.4/bin/mongrel_rails:128:in `run'
    /System/Library/Frameworks/Ruby.framework/Versions/1.8/usr/lib/ruby/gems/1.8/gems/mongrel-1.1.4/lib/mongrel/command.rb:212:in `run'
    /System/Library/Frameworks/Ruby.framework/Versions/1.8/usr/lib/ruby/gems/1.8/gems/mongrel-1.1.4/bin/mongrel_rails:281
    /System/Library/Frameworks/Ruby.framework/Versions/1.8/usr/lib/ruby/gems/1.8/gems/activesupport-1.4.4/lib/active_support/dependencies.rb:488:in `load'
    /System/Library/Frameworks/Ruby.framework/Versions/1.8/usr/lib/ruby/gems/1.8/gems/activesupport-1.4.4/lib/active_support/dependencies.rb:488:in `load'
    /System/Library/Frameworks/Ruby.framework/Versions/1.8/usr/lib/ruby/gems/1.8/gems/activesupport-1.4.4/lib/active_support/dependencies.rb:342:in `new_constants_in'
    /System/Library/Frameworks/Ruby.framework/Versions/1.8/usr/lib/ruby/gems/1.8/gems/activesupport-1.4.4/lib/active_support/dependencies.rb:488:in `load'
    /System/Library/Frameworks/Ruby.framework/Versions/1.8/usr/lib/ruby/gems/1.8/gems/rails-1.2.6/lib/commands/servers/mongrel.rb:60
    /System/Library/Frameworks/Ruby.framework/Versions/1.8/usr/lib/ruby/1.8/rubygems/custom_require.rb:27:in `gem_original_require'
    /System/Library/Frameworks/Ruby.framework/Versions/1.8/usr/lib/ruby/1.8/rubygems/custom_require.rb:27:in `require'
    /System/Library/Frameworks/Ruby.framework/Versions/1.8/usr/lib/ruby/gems/1.8/gems/activesupport-1.4.4/lib/active_support/dependencies.rb:495:in `require'
    /System/Library/Frameworks/Ruby.framework/Versions/1.8/usr/lib/ruby/gems/1.8/gems/activesupport-1.4.4/lib/active_support/dependencies.rb:342:in `new_constants_in'
    /System/Library/Frameworks/Ruby.framework/Versions/1.8/usr/lib/ruby/gems/1.8/gems/activesupport-1.4.4/lib/active_support/dependencies.rb:495:in `require'
    /System/Library/Frameworks/Ruby.framework/Versions/1.8/usr/lib/ruby/gems/1.8/gems/rails-1.2.6/lib/commands/server.rb:39
    /System/Library/Frameworks/Ruby.framework/Versions/1.8/usr/lib/ruby/1.8/rubygems/custom_require.rb:27:in `gem_original_require'
    /System/Library/Frameworks/Ruby.framework/Versions/1.8/usr/lib/ruby/1.8/rubygems/custom_require.rb:27:in `require'
    script/server:3


Rendering /System/Library/Frameworks/Ruby.framework/Versions/1.8/usr/lib/ruby/gems/1.8/gems/actionpack-1.13.6/lib/action_controller/templates/rescues/layout.rhtml (500 Internal Error)
  [4;36;1mSQL (0.003484)[0m   [0;1mCREATE TABLE schema_info (version integer)[0m
  [4;35;1mSQL (0.002042)[0m   [0mINSERT INTO schema_info (version) VALUES(0)[0m
  [4;36;1mSQL (0.000000)[0m   [0;1mSQLite3::SQLException: table schema_info already exists: CREATE TABLE schema_info (version integer)[0m
  [4;35;1mSQL (0.000288)[0m   [0mSELECT * FROM schema_info[0m
  [4;36;1mSQL (0.000125)[0m   [0;1mSELECT name FROM sqlite_master WHERE type = 'table'[0m
PezezController: missing default helper path pezez_helper


Processing PezezController#index (for 127.0.0.1 at 2010-08-19 13:59:57) [GET]
  Session ID: 184694fc80e0e57633c57d7ac280691e
  Parameters: {"action"=>"index", "controller"=>"pezez"}
Rendering pezez/index
DEPRECATION WARNING: You called url_for(:new), which is a deprecated API call. Instead you should use the named route directly, like new(). Using symbols and parameters with url_for will be removed from Rails 2.0.  See http://www.rubyonrails.org/deprecation for details. (called from send at /System/Library/Frameworks/Ruby.framework/Versions/1.8/usr/lib/ruby/gems/1.8/gems/actionpack-1.13.6/lib/action_view/helpers/url_helper.rb:27)
Completed in 0.00292 (342 reqs/sec) | Rendering: 0.00238 (81%) | 200 OK [http://localhost/pezez]
PezezController: missing default helper path pezez_helper


Processing PezezController#index (for 127.0.0.1 at 2010-08-19 14:01:32) [GET]
  Session ID: 184694fc80e0e57633c57d7ac280691e
  Parameters: {"action"=>"index", "controller"=>"pezez"}
Rendering pezez/index
Completed in 0.00198 (506 reqs/sec) | Rendering: 0.00123 (62%) | 200 OK [http://localhost/pezez]
PezezController: missing default helper path pezez_helper


Processing PezezController#index (for 127.0.0.1 at 2010-08-19 14:01:35) [GET]
  Session ID: 184694fc80e0e57633c57d7ac280691e
  Parameters: {"action"=>"index", "controller"=>"pezez"}
Rendering pezez/index
Completed in 0.00146 (686 reqs/sec) | Rendering: 0.00086 (59%) | 200 OK [http://localhost/pezez]
PezezController: missing default helper path pezez_helper


Processing PezezController#index (for 127.0.0.1 at 2010-08-19 14:01:37) [GET]
  Session ID: 184694fc80e0e57633c57d7ac280691e
  Parameters: {"action"=>"index", "controller"=>"pezez"}
Rendering pezez/index
Completed in 0.00159 (627 reqs/sec) | Rendering: 0.00094 (59%) | 200 OK [http://localhost/pezez]
PezezController: missing default helper path pezez_helper


Processing PezezController#index (for 127.0.0.1 at 2010-08-19 14:03:59) [GET]
  Session ID: 184694fc80e0e57633c57d7ac280691e
  Parameters: {"action"=>"index", "controller"=>"pezez"}
Rendering pezez/index


ActionView::TemplateError (undefined local variable or method `new_path' for #<#<Class:0x264088c>:0x2640864>) on line #2 of app/views/pezez/index.rhtml:
1: 
2: <p>Welcome, potential celebrant! If you would like to celebrate, please <%= link_to new_path %></p>

    /Users/sdeobald/src/mombot/app/views/pezez/index.rhtml:2:in `_run_rhtml_47app47views47pezez47index46rhtml'
    /System/Library/Frameworks/Ruby.framework/Versions/1.8/usr/lib/ruby/gems/1.8/gems/actionpack-1.13.6/lib/action_view/base.rb:325:in `send'
    /System/Library/Frameworks/Ruby.framework/Versions/1.8/usr/lib/ruby/gems/1.8/gems/actionpack-1.13.6/lib/action_view/base.rb:325:in `compile_and_render_template'
    /System/Library/Frameworks/Ruby.framework/Versions/1.8/usr/lib/ruby/gems/1.8/gems/actionpack-1.13.6/lib/action_view/base.rb:301:in `render_template'
    /System/Library/Frameworks/Ruby.framework/Versions/1.8/usr/lib/ruby/gems/1.8/gems/actionpack-1.13.6/lib/action_view/base.rb:260:in `render_file'
    /System/Library/Frameworks/Ruby.framework/Versions/1.8/usr/lib/ruby/gems/1.8/gems/actionpack-1.13.6/lib/action_controller/base.rb:812:in `render_file'
    /System/Library/Frameworks/Ruby.framework/Versions/1.8/usr/lib/ruby/gems/1.8/gems/actionpack-1.13.6/lib/action_controller/base.rb:717:in `render_with_no_layout'
    /System/Library/Frameworks/Ruby.framework/Versions/1.8/usr/lib/ruby/gems/1.8/gems/actionpack-1.13.6/lib/action_controller/layout.rb:256:in `render_without_benchmark'
    /System/Library/Frameworks/Ruby.framework/Versions/1.8/usr/lib/ruby/gems/1.8/gems/actionpack-1.13.6/lib/action_controller/benchmarking.rb:50:in `render'
    /System/Library/Frameworks/Ruby.framework/Versions/1.8/usr/lib/ruby/1.8/benchmark.rb:293:in `measure'
    /System/Library/Frameworks/Ruby.framework/Versions/1.8/usr/lib/ruby/gems/1.8/gems/actionpack-1.13.6/lib/action_controller/benchmarking.rb:50:in `render'
    /System/Library/Frameworks/Ruby.framework/Versions/1.8/usr/lib/ruby/gems/1.8/gems/actionpack-1.13.6/lib/action_controller/base.rb:1102:in `perform_action_without_filters'
    /System/Library/Frameworks/Ruby.framework/Versions/1.8/usr/lib/ruby/gems/1.8/gems/actionpack-1.13.6/lib/action_controller/filters.rb:696:in `call_filters'
    /System/Library/Frameworks/Ruby.framework/Versions/1.8/usr/lib/ruby/gems/1.8/gems/actionpack-1.13.6/lib/action_controller/filters.rb:688:in `perform_action_without_benchmark'
    /System/Library/Frameworks/Ruby.framework/Versions/1.8/usr/lib/ruby/gems/1.8/gems/actionpack-1.13.6/lib/action_controller/benchmarking.rb:66:in `perform_action_without_rescue'
    /System/Library/Frameworks/Ruby.framework/Versions/1.8/usr/lib/ruby/1.8/benchmark.rb:293:in `measure'
    /System/Library/Frameworks/Ruby.framework/Versions/1.8/usr/lib/ruby/gems/1.8/gems/actionpack-1.13.6/lib/action_controller/benchmarking.rb:66:in `perform_action_without_rescue'
    /System/Library/Frameworks/Ruby.framework/Versions/1.8/usr/lib/ruby/gems/1.8/gems/actionpack-1.13.6/lib/action_controller/rescue.rb:83:in `perform_action'
    /System/Library/Frameworks/Ruby.framework/Versions/1.8/usr/lib/ruby/gems/1.8/gems/actionpack-1.13.6/lib/action_controller/base.rb:435:in `send'
    /System/Library/Frameworks/Ruby.framework/Versions/1.8/usr/lib/ruby/gems/1.8/gems/actionpack-1.13.6/lib/action_controller/base.rb:435:in `process_without_filters'
    /System/Library/Frameworks/Ruby.framework/Versions/1.8/usr/lib/ruby/gems/1.8/gems/actionpack-1.13.6/lib/action_controller/filters.rb:684:in `process_without_session_management_support'
    /System/Library/Frameworks/Ruby.framework/Versions/1.8/usr/lib/ruby/gems/1.8/gems/actionpack-1.13.6/lib/action_controller/session_management.rb:114:in `process'
    /System/Library/Frameworks/Ruby.framework/Versions/1.8/usr/lib/ruby/gems/1.8/gems/actionpack-1.13.6/lib/action_controller/base.rb:334:in `process'
    /System/Library/Frameworks/Ruby.framework/Versions/1.8/usr/lib/ruby/gems/1.8/gems/rails-1.2.6/lib/dispatcher.rb:41:in `dispatch'
    /System/Library/Frameworks/Ruby.framework/Versions/1.8/usr/lib/ruby/gems/1.8/gems/mongrel-1.1.4/lib/mongrel/rails.rb:76:in `process'
    /System/Library/Frameworks/Ruby.framework/Versions/1.8/usr/lib/ruby/gems/1.8/gems/mongrel-1.1.4/lib/mongrel/rails.rb:74:in `synchronize'
    /System/Library/Frameworks/Ruby.framework/Versions/1.8/usr/lib/ruby/gems/1.8/gems/mongrel-1.1.4/lib/mongrel/rails.rb:74:in `process'
    /System/Library/Frameworks/Ruby.framework/Versions/1.8/usr/lib/ruby/gems/1.8/gems/mongrel-1.1.4/lib/mongrel.rb:159:in `process_client'
    /System/Library/Frameworks/Ruby.framework/Versions/1.8/usr/lib/ruby/gems/1.8/gems/mongrel-1.1.4/lib/mongrel.rb:158:in `each'
    /System/Library/Frameworks/Ruby.framework/Versions/1.8/usr/lib/ruby/gems/1.8/gems/mongrel-1.1.4/lib/mongrel.rb:158:in `process_client'
    /System/Library/Frameworks/Ruby.framework/Versions/1.8/usr/lib/ruby/gems/1.8/gems/mongrel-1.1.4/lib/mongrel.rb:285:in `run'
    /System/Library/Frameworks/Ruby.framework/Versions/1.8/usr/lib/ruby/gems/1.8/gems/mongrel-1.1.4/lib/mongrel.rb:285:in `initialize'
    /System/Library/Frameworks/Ruby.framework/Versions/1.8/usr/lib/ruby/gems/1.8/gems/mongrel-1.1.4/lib/mongrel.rb:285:in `new'
    /System/Library/Frameworks/Ruby.framework/Versions/1.8/usr/lib/ruby/gems/1.8/gems/mongrel-1.1.4/lib/mongrel.rb:285:in `run'
    /System/Library/Frameworks/Ruby.framework/Versions/1.8/usr/lib/ruby/gems/1.8/gems/mongrel-1.1.4/lib/mongrel.rb:268:in `initialize'
    /System/Library/Frameworks/Ruby.framework/Versions/1.8/usr/lib/ruby/gems/1.8/gems/mongrel-1.1.4/lib/mongrel.rb:268:in `new'
    /System/Library/Frameworks/Ruby.framework/Versions/1.8/usr/lib/ruby/gems/1.8/gems/mongrel-1.1.4/lib/mongrel.rb:268:in `run'
    /System/Library/Frameworks/Ruby.framework/Versions/1.8/usr/lib/ruby/gems/1.8/gems/mongrel-1.1.4/lib/mongrel/configurator.rb:282:in `run'
    /System/Library/Frameworks/Ruby.framework/Versions/1.8/usr/lib/ruby/gems/1.8/gems/mongrel-1.1.4/lib/mongrel/configurator.rb:281:in `each'
    /System/Library/Frameworks/Ruby.framework/Versions/1.8/usr/lib/ruby/gems/1.8/gems/mongrel-1.1.4/lib/mongrel/configurator.rb:281:in `run'
    /System/Library/Frameworks/Ruby.framework/Versions/1.8/usr/lib/ruby/gems/1.8/gems/mongrel-1.1.4/bin/mongrel_rails:128:in `run'
    /System/Library/Frameworks/Ruby.framework/Versions/1.8/usr/lib/ruby/gems/1.8/gems/mongrel-1.1.4/lib/mongrel/command.rb:212:in `run'
    /System/Library/Frameworks/Ruby.framework/Versions/1.8/usr/lib/ruby/gems/1.8/gems/mongrel-1.1.4/bin/mongrel_rails:281
    /System/Library/Frameworks/Ruby.framework/Versions/1.8/usr/lib/ruby/gems/1.8/gems/activesupport-1.4.4/lib/active_support/dependencies.rb:488:in `load'
    /System/Library/Frameworks/Ruby.framework/Versions/1.8/usr/lib/ruby/gems/1.8/gems/activesupport-1.4.4/lib/active_support/dependencies.rb:488:in `load'
    /System/Library/Frameworks/Ruby.framework/Versions/1.8/usr/lib/ruby/gems/1.8/gems/activesupport-1.4.4/lib/active_support/dependencies.rb:342:in `new_constants_in'
    /System/Library/Frameworks/Ruby.framework/Versions/1.8/usr/lib/ruby/gems/1.8/gems/activesupport-1.4.4/lib/active_support/dependencies.rb:488:in `load'
    /System/Library/Frameworks/Ruby.framework/Versions/1.8/usr/lib/ruby/gems/1.8/gems/rails-1.2.6/lib/commands/servers/mongrel.rb:60
    /System/Library/Frameworks/Ruby.framework/Versions/1.8/usr/lib/ruby/1.8/rubygems/custom_require.rb:27:in `gem_original_require'
    /System/Library/Frameworks/Ruby.framework/Versions/1.8/usr/lib/ruby/1.8/rubygems/custom_require.rb:27:in `require'
    /System/Library/Frameworks/Ruby.framework/Versions/1.8/usr/lib/ruby/gems/1.8/gems/activesupport-1.4.4/lib/active_support/dependencies.rb:495:in `require'
    /System/Library/Frameworks/Ruby.framework/Versions/1.8/usr/lib/ruby/gems/1.8/gems/activesupport-1.4.4/lib/active_support/dependencies.rb:342:in `new_constants_in'
    /System/Library/Frameworks/Ruby.framework/Versions/1.8/usr/lib/ruby/gems/1.8/gems/activesupport-1.4.4/lib/active_support/dependencies.rb:495:in `require'
    /System/Library/Frameworks/Ruby.framework/Versions/1.8/usr/lib/ruby/gems/1.8/gems/rails-1.2.6/lib/commands/server.rb:39
    /System/Library/Frameworks/Ruby.framework/Versions/1.8/usr/lib/ruby/1.8/rubygems/custom_require.rb:27:in `gem_original_require'
    /System/Library/Frameworks/Ruby.framework/Versions/1.8/usr/lib/ruby/1.8/rubygems/custom_require.rb:27:in `require'
    script/server:3


Rendering /System/Library/Frameworks/Ruby.framework/Versions/1.8/usr/lib/ruby/gems/1.8/gems/actionpack-1.13.6/lib/action_controller/templates/rescues/layout.rhtml (500 Internal Error)
PezezController: missing default helper path pezez_helper


Processing PezezController#new (for 127.0.0.1 at 2010-08-19 14:13:30) [GET]
  Session ID: 184694fc80e0e57633c57d7ac280691e
  Parameters: {"action"=>"new", "controller"=>"pezez"}


ActionController::MissingTemplate (Missing template /Users/sdeobald/src/mombot/app/views/pezez/new.rhtml):
    /System/Library/Frameworks/Ruby.framework/Versions/1.8/usr/lib/ruby/gems/1.8/gems/actionpack-1.13.6/lib/action_controller/base.rb:1211:in `assert_existence_of_template_file'
    /System/Library/Frameworks/Ruby.framework/Versions/1.8/usr/lib/ruby/gems/1.8/gems/actionpack-1.13.6/lib/action_controller/base.rb:810:in `render_file'
    /System/Library/Frameworks/Ruby.framework/Versions/1.8/usr/lib/ruby/gems/1.8/gems/actionpack-1.13.6/lib/action_controller/base.rb:717:in `render_with_no_layout'
    /System/Library/Frameworks/Ruby.framework/Versions/1.8/usr/lib/ruby/gems/1.8/gems/actionpack-1.13.6/lib/action_controller/layout.rb:256:in `render_without_benchmark'
    /System/Library/Frameworks/Ruby.framework/Versions/1.8/usr/lib/ruby/gems/1.8/gems/actionpack-1.13.6/lib/action_controller/benchmarking.rb:50:in `render'
    /System/Library/Frameworks/Ruby.framework/Versions/1.8/usr/lib/ruby/1.8/benchmark.rb:293:in `measure'
    /System/Library/Frameworks/Ruby.framework/Versions/1.8/usr/lib/ruby/gems/1.8/gems/actionpack-1.13.6/lib/action_controller/benchmarking.rb:50:in `render'
    /System/Library/Frameworks/Ruby.framework/Versions/1.8/usr/lib/ruby/gems/1.8/gems/actionpack-1.13.6/lib/action_controller/base.rb:1102:in `perform_action_without_filters'
    /System/Library/Frameworks/Ruby.framework/Versions/1.8/usr/lib/ruby/gems/1.8/gems/actionpack-1.13.6/lib/action_controller/filters.rb:696:in `call_filters'
    /System/Library/Frameworks/Ruby.framework/Versions/1.8/usr/lib/ruby/gems/1.8/gems/actionpack-1.13.6/lib/action_controller/filters.rb:688:in `perform_action_without_benchmark'
    /System/Library/Frameworks/Ruby.framework/Versions/1.8/usr/lib/ruby/gems/1.8/gems/actionpack-1.13.6/lib/action_controller/benchmarking.rb:66:in `perform_action_without_rescue'
    /System/Library/Frameworks/Ruby.framework/Versions/1.8/usr/lib/ruby/1.8/benchmark.rb:293:in `measure'
    /System/Library/Frameworks/Ruby.framework/Versions/1.8/usr/lib/ruby/gems/1.8/gems/actionpack-1.13.6/lib/action_controller/benchmarking.rb:66:in `perform_action_without_rescue'
    /System/Library/Frameworks/Ruby.framework/Versions/1.8/usr/lib/ruby/gems/1.8/gems/actionpack-1.13.6/lib/action_controller/rescue.rb:83:in `perform_action'
    /System/Library/Frameworks/Ruby.framework/Versions/1.8/usr/lib/ruby/gems/1.8/gems/actionpack-1.13.6/lib/action_controller/base.rb:435:in `send'
    /System/Library/Frameworks/Ruby.framework/Versions/1.8/usr/lib/ruby/gems/1.8/gems/actionpack-1.13.6/lib/action_controller/base.rb:435:in `process_without_filters'
    /System/Library/Frameworks/Ruby.framework/Versions/1.8/usr/lib/ruby/gems/1.8/gems/actionpack-1.13.6/lib/action_controller/filters.rb:684:in `process_without_session_management_support'
    /System/Library/Frameworks/Ruby.framework/Versions/1.8/usr/lib/ruby/gems/1.8/gems/actionpack-1.13.6/lib/action_controller/session_management.rb:114:in `process'
    /System/Library/Frameworks/Ruby.framework/Versions/1.8/usr/lib/ruby/gems/1.8/gems/actionpack-1.13.6/lib/action_controller/base.rb:334:in `process'
    /System/Library/Frameworks/Ruby.framework/Versions/1.8/usr/lib/ruby/gems/1.8/gems/rails-1.2.6/lib/dispatcher.rb:41:in `dispatch'
    /System/Library/Frameworks/Ruby.framework/Versions/1.8/usr/lib/ruby/gems/1.8/gems/mongrel-1.1.4/bin/../lib/mongrel/rails.rb:76:in `process'
    /System/Library/Frameworks/Ruby.framework/Versions/1.8/usr/lib/ruby/gems/1.8/gems/mongrel-1.1.4/bin/../lib/mongrel/rails.rb:74:in `synchronize'
    /System/Library/Frameworks/Ruby.framework/Versions/1.8/usr/lib/ruby/gems/1.8/gems/mongrel-1.1.4/bin/../lib/mongrel/rails.rb:74:in `process'
    /System/Library/Frameworks/Ruby.framework/Versions/1.8/usr/lib/ruby/gems/1.8/gems/mongrel-1.1.4/lib/mongrel.rb:159:in `process_client'
    /System/Library/Frameworks/Ruby.framework/Versions/1.8/usr/lib/ruby/gems/1.8/gems/mongrel-1.1.4/lib/mongrel.rb:158:in `each'
    /System/Library/Frameworks/Ruby.framework/Versions/1.8/usr/lib/ruby/gems/1.8/gems/mongrel-1.1.4/lib/mongrel.rb:158:in `process_client'
    /System/Library/Frameworks/Ruby.framework/Versions/1.8/usr/lib/ruby/gems/1.8/gems/mongrel-1.1.4/lib/mongrel.rb:285:in `run'
    /System/Library/Frameworks/Ruby.framework/Versions/1.8/usr/lib/ruby/gems/1.8/gems/mongrel-1.1.4/lib/mongrel.rb:285:in `initialize'
    /System/Library/Frameworks/Ruby.framework/Versions/1.8/usr/lib/ruby/gems/1.8/gems/mongrel-1.1.4/lib/mongrel.rb:285:in `new'
    /System/Library/Frameworks/Ruby.framework/Versions/1.8/usr/lib/ruby/gems/1.8/gems/mongrel-1.1.4/lib/mongrel.rb:285:in `run'
    /System/Library/Frameworks/Ruby.framework/Versions/1.8/usr/lib/ruby/gems/1.8/gems/mongrel-1.1.4/lib/mongrel.rb:268:in `initialize'
    /System/Library/Frameworks/Ruby.framework/Versions/1.8/usr/lib/ruby/gems/1.8/gems/mongrel-1.1.4/lib/mongrel.rb:268:in `new'
    /System/Library/Frameworks/Ruby.framework/Versions/1.8/usr/lib/ruby/gems/1.8/gems/mongrel-1.1.4/lib/mongrel.rb:268:in `run'
    /System/Library/Frameworks/Ruby.framework/Versions/1.8/usr/lib/ruby/gems/1.8/gems/mongrel-1.1.4/lib/mongrel/configurator.rb:282:in `run'
    /System/Library/Frameworks/Ruby.framework/Versions/1.8/usr/lib/ruby/gems/1.8/gems/mongrel-1.1.4/lib/mongrel/configurator.rb:281:in `each'
    /System/Library/Frameworks/Ruby.framework/Versions/1.8/usr/lib/ruby/gems/1.8/gems/mongrel-1.1.4/lib/mongrel/configurator.rb:281:in `run'
    /System/Library/Frameworks/Ruby.framework/Versions/1.8/usr/lib/ruby/gems/1.8/gems/mongrel-1.1.4/bin/mongrel_rails:128:in `run'
    /System/Library/Frameworks/Ruby.framework/Versions/1.8/usr/lib/ruby/gems/1.8/gems/mongrel-1.1.4/lib/mongrel/command.rb:212:in `run'
    /System/Library/Frameworks/Ruby.framework/Versions/1.8/usr/lib/ruby/gems/1.8/gems/mongrel-1.1.4/bin/mongrel_rails:281
    /System/Library/Frameworks/Ruby.framework/Versions/1.8/usr/lib/ruby/gems/1.8/gems/activesupport-1.4.4/lib/active_support/dependencies.rb:488:in `load'
    /System/Library/Frameworks/Ruby.framework/Versions/1.8/usr/lib/ruby/gems/1.8/gems/activesupport-1.4.4/lib/active_support/dependencies.rb:488:in `load'
    /System/Library/Frameworks/Ruby.framework/Versions/1.8/usr/lib/ruby/gems/1.8/gems/activesupport-1.4.4/lib/active_support/dependencies.rb:342:in `new_constants_in'
    /System/Library/Frameworks/Ruby.framework/Versions/1.8/usr/lib/ruby/gems/1.8/gems/activesupport-1.4.4/lib/active_support/dependencies.rb:488:in `load'
    /System/Library/Frameworks/Ruby.framework/Versions/1.8/usr/lib/ruby/gems/1.8/gems/rails-1.2.6/lib/commands/servers/mongrel.rb:60
    /System/Library/Frameworks/Ruby.framework/Versions/1.8/usr/lib/ruby/1.8/rubygems/custom_require.rb:27:in `gem_original_require'
    /System/Library/Frameworks/Ruby.framework/Versions/1.8/usr/lib/ruby/1.8/rubygems/custom_require.rb:27:in `require'
    /System/Library/Frameworks/Ruby.framework/Versions/1.8/usr/lib/ruby/gems/1.8/gems/activesupport-1.4.4/lib/active_support/dependencies.rb:495:in `require'
    /System/Library/Frameworks/Ruby.framework/Versions/1.8/usr/lib/ruby/gems/1.8/gems/activesupport-1.4.4/lib/active_support/dependencies.rb:342:in `new_constants_in'
    /System/Library/Frameworks/Ruby.framework/Versions/1.8/usr/lib/ruby/gems/1.8/gems/activesupport-1.4.4/lib/active_support/dependencies.rb:495:in `require'
    /System/Library/Frameworks/Ruby.framework/Versions/1.8/usr/lib/ruby/gems/1.8/gems/rails-1.2.6/lib/commands/server.rb:39
    /System/Library/Frameworks/Ruby.framework/Versions/1.8/usr/lib/ruby/1.8/rubygems/custom_require.rb:27:in `gem_original_require'
    /System/Library/Frameworks/Ruby.framework/Versions/1.8/usr/lib/ruby/1.8/rubygems/custom_require.rb:27:in `require'
    script/server:3


Rendering /System/Library/Frameworks/Ruby.framework/Versions/1.8/usr/lib/ruby/gems/1.8/gems/actionpack-1.13.6/lib/action_controller/templates/rescues/layout.rhtml (500 Internal Error)
PezezController: missing default helper path pezez_helper


Processing PezezController#new (for 127.0.0.1 at 2010-08-19 14:16:43) [GET]
  Session ID: 184694fc80e0e57633c57d7ac280691e
  Parameters: {"action"=>"new", "controller"=>"pezez"}
Rendering pezez/new
Completed in 0.00272 (367 reqs/sec) | Rendering: 0.00062 (22%) | 200 OK [http://localhost/pezez/new]
PezezController: missing default helper path pezez_helper


Processing PezezController#new (for 127.0.0.1 at 2010-08-19 14:17:15) [GET]
  Session ID: 184694fc80e0e57633c57d7ac280691e
  Parameters: {"action"=>"new", "controller"=>"pezez"}
Rendering pezez/new
Completed in 0.00271 (369 reqs/sec) | Rendering: 0.00059 (21%) | 200 OK [http://localhost/pezez/new]
PezezController: missing default helper path pezez_helper


Processing PezezController#new (for 127.0.0.1 at 2010-08-19 14:17:26) [GET]
  Session ID: 184694fc80e0e57633c57d7ac280691e
  Parameters: {"action"=>"new", "controller"=>"pezez"}
Rendering pezez/new
Completed in 0.00289 (346 reqs/sec) | Rendering: 0.00062 (21%) | 200 OK [http://localhost/pezez/new]
PezezController: missing default helper path pezez_helper


Processing PezezController#new (for 127.0.0.1 at 2010-08-19 14:17:35) [GET]
  Session ID: 184694fc80e0e57633c57d7ac280691e
  Parameters: {"action"=>"new", "controller"=>"pezez"}
Rendering pezez/new
Completed in 0.00268 (372 reqs/sec) | Rendering: 0.00057 (21%) | 200 OK [http://localhost/pezez/new]
PezezController: missing default helper path pezez_helper


Processing PezezController#new (for 127.0.0.1 at 2010-08-19 14:17:38) [GET]
  Session ID: 184694fc80e0e57633c57d7ac280691e
  Parameters: {"action"=>"new", "controller"=>"pezez"}
Rendering pezez/new
Completed in 0.00242 (412 reqs/sec) | Rendering: 0.00025 (10%) | 200 OK [http://localhost/pezez/new]
PezezController: missing default helper path pezez_helper


Processing PezezController#new (for 127.0.0.1 at 2010-08-19 14:18:01) [GET]
  Session ID: 184694fc80e0e57633c57d7ac280691e
  Parameters: {"action"=>"new", "controller"=>"pezez"}
Rendering pezez/new
Completed in 0.00298 (336 reqs/sec) | Rendering: 0.00063 (21%) | 200 OK [http://localhost/pezez/new]
PezezController: missing default helper path pezez_helper


Processing PezezController#new (for 127.0.0.1 at 2010-08-19 14:18:41) [GET]
  Session ID: 184694fc80e0e57633c57d7ac280691e
  Parameters: {"action"=>"new", "controller"=>"pezez"}
Rendering pezez/new
Completed in 0.00256 (391 reqs/sec) | Rendering: 0.00058 (22%) | 200 OK [http://localhost/pezez/new]
PezezController: missing default helper path pezez_helper


Processing PezezController#new (for 127.0.0.1 at 2010-08-19 14:19:01) [GET]
  Session ID: 184694fc80e0e57633c57d7ac280691e
  Parameters: {"action"=>"new", "controller"=>"pezez"}
Rendering pezez/new
Completed in 0.00273 (366 reqs/sec) | Rendering: 0.00060 (22%) | 200 OK [http://localhost/pezez/new]
